
> simsoft-frontend@1.0.0 start
> react-scripts start

(node:32052) [DEP_WEBPACK_DEV_SERVER_ON_AFTER_SETUP_MIDDLEWARE] DeprecationWarning: 'onAfterSetupMiddleware' option is deprecated. Please use the 'setupMiddlewares' option.
(Use `node --trace-deprecation ...` to show where the warning was created)
(node:32052) [DEP_WEBPACK_DEV_SERVER_ON_BEFORE_SETUP_MIDDLEWARE] DeprecationWarning: 'onBeforeSetupMiddleware' option is deprecated. Please use the 'setupMiddlewares' option.
Starting the development server...

Compiled successfully!

You can now view simsoft-frontend in the browser.

  Local:            http://localhost:3000
  On Your Network:  http://172.20.10.8:3000

Note that the development build is not optimized.
To create a production build, use npm run build.

webpack compiled successfully
(node:32052) [DEP0060] DeprecationWarning: The `util._extend` API is deprecated. Please use Object.assign() instead.
Compiling...
Compiled successfully!
webpack compiled successfully
Compiling...
Compiled successfully!
webpack compiled successfully
Compiling...
Compiled successfully!
webpack compiled successfully
Compiling...
Compiled successfully!
webpack compiled successfully
Compiling...
Compiled successfully!
webpack compiled successfully
Compiling...
Compiled successfully!
webpack compiled successfully
Compiling...
Compiled successfully!
webpack compiled successfully
Compiling...
Compiled successfully!
webpack compiled successfully
Compiling...
Compiled successfully!
webpack compiled successfully
Compiling...
Compiled successfully!
webpack compiled successfully
Compiling...
Compiled successfully!
webpack compiled successfully
Compiling...
Compiled successfully!
webpack compiled successfully
Compiling...
Compiled successfully!
webpack compiled successfully
Compiling...
Compiled successfully!
webpack compiled successfully
Compiling...
Compiled successfully!
webpack compiled successfully
Compiling...
Compiled successfully!
webpack compiled successfully
Compiling...
Compiled successfully!
webpack compiled successfully
Compiling...
Compiled successfully!
webpack compiled successfully
Compiling...
Compiled successfully!
webpack compiled successfully
Compiling...
Compiled successfully!
webpack compiled successfully
Compiling...
Compiled successfully!
webpack compiled successfully
Compiling...
Compiled successfully!
webpack compiled successfully
Compiling...
Compiled successfully!
webpack compiled successfully
Compiling...
Compiled successfully!
webpack compiled successfully
Compiling...
Compiled successfully!
webpack compiled successfully
Compiling...
Compiled successfully!
webpack compiled successfully
Compiling...
Compiled successfully!
webpack compiled successfully
Compiling...
Compiled successfully!
webpack compiled successfully
Compiling...
Compiled successfully!
webpack compiled successfully
Compiling...
Compiled successfully!
webpack compiled successfully
Compiling...
Compiled successfully!
webpack compiled successfully
Compiling...
Compiled successfully!
webpack compiled successfully
Compiling...
Compiled successfully!
webpack compiled successfully
Compiling...
Compiled successfully!
webpack compiled successfully
Compiling...
Compiled successfully!
webpack compiled successfully
Compiling...
Compiled successfully!
webpack compiled successfully
Compiling...
Compiled successfully!
webpack compiled successfully
Compiling...
Compiled successfully!
webpack compiled successfully
Compiling...
Compiled successfully!
webpack compiled successfully
Compiling...
Compiled successfully!
webpack compiled successfully
Compiling...
Compiled successfully!
webpack compiled successfully
Compiling...
Failed to compile.

Module not found: Error: Can't resolve 'net' in '/Users/irmak/Desktop/simsoft/frontend/node_modules/stompjs/lib'
ERROR in ./node_modules/stompjs/lib/stomp-node.js 12:8-22
Module not found: Error: Can't resolve 'net' in '/Users/irmak/Desktop/simsoft/frontend/node_modules/stompjs/lib'

webpack compiled with 1 error
Compiling...
Failed to compile.

Module not found: Error: Can't resolve 'net' in '/Users/irmak/Desktop/simsoft/frontend/node_modules/stompjs/lib'
ERROR in ./node_modules/stompjs/lib/stomp-node.js 12:8-22
Module not found: Error: Can't resolve 'net' in '/Users/irmak/Desktop/simsoft/frontend/node_modules/stompjs/lib'

webpack compiled with 1 error
Compiling...
Compiled successfully!
webpack compiled successfully
Compiling...
Compiled successfully!
webpack compiled successfully
Compiling...
Compiled successfully!
webpack compiled successfully
Compiling...
Compiled successfully!
webpack compiled successfully
Compiling...
Compiled successfully!
webpack compiled successfully
Compiling...
Compiled successfully!
webpack compiled successfully
Failed to compile.

Module not found: Error: Can't resolve '/Users/irmak/Desktop/simsoft/frontend/node_modules/css-loader/dist/cjs.js' in '/Users/irmak/Desktop/simsoft/frontend'
ERROR in ./src/App.js 6:0-19
Module not found: Error: Can't resolve '/Users/irmak/Desktop/simsoft/frontend/node_modules/css-loader/dist/cjs.js' in '/Users/irmak/Desktop/simsoft/frontend'

ERROR in ./src/PhysicsSimulation.js 7:0-33
Module not found: Error: Can't resolve '/Users/irmak/Desktop/simsoft/frontend/node_modules/css-loader/dist/cjs.js' in '/Users/irmak/Desktop/simsoft/frontend'

ERROR in ./src/index.js 6:0-21
Module not found: Error: Can't resolve '/Users/irmak/Desktop/simsoft/frontend/node_modules/css-loader/dist/cjs.js' in '/Users/irmak/Desktop/simsoft/frontend'

webpack compiled with 3 errors
Failed to compile.

Module not found: Error: Can't resolve '/Users/irmak/Desktop/simsoft/frontend/node_modules/css-loader/dist/cjs.js' in '/Users/irmak/Desktop/simsoft/frontend'
LOG from webpack.FileSystemInfo
<w> Managed item /Users/irmak/Desktop/simsoft/frontend/node_modules/@pmmmwh/react-refresh-webpack-plugin isn't a directory or doesn't contain a package.json (see snapshot.managedPaths option)
+ 13 hidden lines

ERROR in ./src/App.js 6:0-19
Module not found: Error: Can't resolve '/Users/irmak/Desktop/simsoft/frontend/node_modules/css-loader/dist/cjs.js' in '/Users/irmak/Desktop/simsoft/frontend'

ERROR in ./src/PhysicsSimulation.js 7:0-33
Module not found: Error: Can't resolve '/Users/irmak/Desktop/simsoft/frontend/node_modules/css-loader/dist/cjs.js' in '/Users/irmak/Desktop/simsoft/frontend'

ERROR in ./src/index.js 6:0-21
Module not found: Error: Can't resolve '/Users/irmak/Desktop/simsoft/frontend/node_modules/css-loader/dist/cjs.js' in '/Users/irmak/Desktop/simsoft/frontend'

ERROR in ./node_modules/@pmmmwh/react-refresh-webpack-plugin/lib/runtime/RefreshUtils.js
Module build failed (from ./node_modules/source-map-loader/dist/cjs.js):
Error: ENOENT: no such file or directory, open '/Users/irmak/Desktop/simsoft/frontend/node_modules/@pmmmwh/react-refresh-webpack-plugin/lib/runtime/RefreshUtils.js'

ERROR in Module not found: Error: Can't resolve '/Users/irmak/Desktop/simsoft/frontend/node_modules/@pmmmwh/react-refresh-webpack-plugin/client/ReactRefreshEntry.js' in '/Users/irmak/Desktop/simsoft/frontend'

webpack compiled with 5 errors
Failed to compile.

Module not found: Error: Can't resolve '/Users/irmak/Desktop/simsoft/frontend/node_modules/css-loader/dist/cjs.js' in '/Users/irmak/Desktop/simsoft/frontend'
LOG from webpack.FileSystemInfo
<w> Managed item /Users/irmak/Desktop/simsoft/frontend/node_modules/ms isn't a directory or doesn't contain a package.json (see snapshot.managedPaths option)
+ 8 hidden lines

ERROR in ./src/App.js 6:0-19
Module not found: Error: Can't resolve '/Users/irmak/Desktop/simsoft/frontend/node_modules/css-loader/dist/cjs.js' in '/Users/irmak/Desktop/simsoft/frontend'

ERROR in ./src/PhysicsSimulation.js 7:0-33
Module not found: Error: Can't resolve '/Users/irmak/Desktop/simsoft/frontend/node_modules/css-loader/dist/cjs.js' in '/Users/irmak/Desktop/simsoft/frontend'

ERROR in ./src/index.js 6:0-21
Module not found: Error: Can't resolve '/Users/irmak/Desktop/simsoft/frontend/node_modules/css-loader/dist/cjs.js' in '/Users/irmak/Desktop/simsoft/frontend'

ERROR in ./node_modules/@pmmmwh/react-refresh-webpack-plugin/lib/runtime/RefreshUtils.js
Module build failed (from ./node_modules/source-map-loader/dist/cjs.js):
Error: ENOENT: no such file or directory, open '/Users/irmak/Desktop/simsoft/frontend/node_modules/@pmmmwh/react-refresh-webpack-plugin/lib/runtime/RefreshUtils.js'

ERROR in ./node_modules/ms/index.js
Module build failed (from ./node_modules/source-map-loader/dist/cjs.js):
Error: ENOENT: no such file or directory, open '/Users/irmak/Desktop/simsoft/frontend/node_modules/ms/index.js'

ERROR in Module not found: Error: Can't resolve '/Users/irmak/Desktop/simsoft/frontend/node_modules/@pmmmwh/react-refresh-webpack-plugin/client/ReactRefreshEntry.js' in '/Users/irmak/Desktop/simsoft/frontend'

webpack compiled with 6 errors
Failed to compile.

Module not found: Error: Can't resolve '/Users/irmak/Desktop/simsoft/frontend/node_modules/css-loader/dist/cjs.js' in '/Users/irmak/Desktop/simsoft/frontend'
LOG from webpack.FileSystemInfo
<w> Managed item /Users/irmak/Desktop/simsoft/frontend/node_modules/sockjs-client isn't a directory or doesn't contain a package.json (see snapshot.managedPaths option)
+ 8 hidden lines

ERROR in ./src/App.js 6:0-19
Module not found: Error: Can't resolve '/Users/irmak/Desktop/simsoft/frontend/node_modules/css-loader/dist/cjs.js' in '/Users/irmak/Desktop/simsoft/frontend'

ERROR in ./src/PhysicsSimulation.js 7:0-33
Module not found: Error: Can't resolve '/Users/irmak/Desktop/simsoft/frontend/node_modules/css-loader/dist/cjs.js' in '/Users/irmak/Desktop/simsoft/frontend'

ERROR in ./src/index.js 6:0-21
Module not found: Error: Can't resolve '/Users/irmak/Desktop/simsoft/frontend/node_modules/css-loader/dist/cjs.js' in '/Users/irmak/Desktop/simsoft/frontend'

ERROR in ./node_modules/@pmmmwh/react-refresh-webpack-plugin/lib/runtime/RefreshUtils.js
Module build failed (from ./node_modules/source-map-loader/dist/cjs.js):
Error: ENOENT: no such file or directory, open '/Users/irmak/Desktop/simsoft/frontend/node_modules/@pmmmwh/react-refresh-webpack-plugin/lib/runtime/RefreshUtils.js'

ERROR in ./node_modules/sockjs-client/lib/entry.js
Module build failed (from ./node_modules/source-map-loader/dist/cjs.js):
Error: ENOENT: no such file or directory, open '/Users/irmak/Desktop/simsoft/frontend/node_modules/sockjs-client/lib/entry.js'

ERROR in Module not found: Error: Can't resolve '/Users/irmak/Desktop/simsoft/frontend/node_modules/@pmmmwh/react-refresh-webpack-plugin/client/ReactRefreshEntry.js' in '/Users/irmak/Desktop/simsoft/frontend'

webpack compiled with 6 errors
Failed to compile.

Module not found: Error: Can't resolve '/Users/irmak/Desktop/simsoft/frontend/node_modules/css-loader/dist/cjs.js' in '/Users/irmak/Desktop/simsoft/frontend'
ERROR in ./src/App.js 6:0-19
Module not found: Error: Can't resolve '/Users/irmak/Desktop/simsoft/frontend/node_modules/css-loader/dist/cjs.js' in '/Users/irmak/Desktop/simsoft/frontend'

ERROR in ./src/PhysicsSimulation.js 7:0-33
Module not found: Error: Can't resolve '/Users/irmak/Desktop/simsoft/frontend/node_modules/css-loader/dist/cjs.js' in '/Users/irmak/Desktop/simsoft/frontend'

ERROR in ./src/index.js 6:0-21
Module not found: Error: Can't resolve '/Users/irmak/Desktop/simsoft/frontend/node_modules/css-loader/dist/cjs.js' in '/Users/irmak/Desktop/simsoft/frontend'

ERROR in ./node_modules/@pmmmwh/react-refresh-webpack-plugin/lib/runtime/RefreshUtils.js
Module build failed (from ./node_modules/source-map-loader/dist/cjs.js):
Error: ENOENT: no such file or directory, open '/Users/irmak/Desktop/simsoft/frontend/node_modules/@pmmmwh/react-refresh-webpack-plugin/lib/runtime/RefreshUtils.js'

ERROR in ./node_modules/sockjs-client/lib/entry.js
Module build failed (from ./node_modules/source-map-loader/dist/cjs.js):
Error: ENOENT: no such file or directory, open '/Users/irmak/Desktop/simsoft/frontend/node_modules/sockjs-client/lib/entry.js'

ERROR in Module not found: Error: Can't resolve '/Users/irmak/Desktop/simsoft/frontend/node_modules/@pmmmwh/react-refresh-webpack-plugin/client/ReactRefreshEntry.js' in '/Users/irmak/Desktop/simsoft/frontend'

ERROR in Child compilation failed:
Module not found: Error: Can't resolve '/Users/irmak/Desktop/simsoft/frontend/node_modules/html-webpack-plugin/lib/loader.js' in '/Users/irmak/Desktop/simsoft/frontend'
ModuleNotFoundError: Module not found: Error: Can't resolve '/Users/irmak/Desktop/simsoft/frontend/node_modules/html-webpack-plugin/lib/loader.js' in '/Users/irmak/Desktop/simsoft/frontend'
    at /Users/irmak/Desktop/simsoft/frontend/node_modules/webpack/lib/Compilation.js:2246:28
    at /Users/irmak/Desktop/simsoft/frontend/node_modules/webpack/lib/NormalModuleFactory.js:949:13
    at eval (eval at create (/Users/irmak/Desktop/simsoft/frontend/node_modules/tapable/lib/HookCodeFactory.js:33:10), <anonymous>:10:1)
    at /Users/irmak/Desktop/simsoft/frontend/node_modules/webpack/lib/NormalModuleFactory.js:347:22
    at eval (eval at create (/Users/irmak/Desktop/simsoft/frontend/node_modules/tapable/lib/HookCodeFactory.js:33:10), <anonymous>:9:1)
    at /Users/irmak/Desktop/simsoft/frontend/node_modules/webpack/lib/NormalModuleFactory.js:532:22
    at /Users/irmak/Desktop/simsoft/frontend/node_modules/webpack/lib/NormalModuleFactory.js:163:10
    at /Users/irmak/Desktop/simsoft/frontend/node_modules/webpack/lib/NormalModuleFactory.js:769:23
    at /Users/irmak/Desktop/simsoft/frontend/node_modules/neo-async/async.js:2830:7
    at done (/Users/irmak/Desktop/simsoft/frontend/node_modules/neo-async/async.js:2925:13)
    at /Users/irmak/Desktop/simsoft/frontend/node_modules/webpack/lib/NormalModuleFactory.js:1218:23
    at finishWithoutResolve (/Users/irmak/Desktop/simsoft/frontend/node_modules/enhanced-resolve/lib/Resolver.js:570:11)
    at /Users/irmak/Desktop/simsoft/frontend/node_modules/enhanced-resolve/lib/Resolver.js:659:14
    at /Users/irmak/Desktop/simsoft/frontend/node_modules/enhanced-resolve/lib/Resolver.js:720:5
    at eval (eval at create (/Users/irmak/Desktop/simsoft/frontend/node_modules/tapable/lib/HookCodeFactory.js:33:10), <anonymous>:16:1)
    at /Users/irmak/Desktop/simsoft/frontend/node_modules/enhanced-resolve/lib/Resolver.js:720:5
    at eval (eval at create (/Users/irmak/Desktop/simsoft/frontend/node_modules/tapable/lib/HookCodeFactory.js:33:10), <anonymous>:27:1)
    at /Users/irmak/Desktop/simsoft/frontend/node_modules/enhanced-resolve/lib/DescriptionFilePlugin.js:89:43
    at /Users/irmak/Desktop/simsoft/frontend/node_modules/enhanced-resolve/lib/Resolver.js:720:5
    at eval (eval at create (/Users/irmak/Desktop/simsoft/frontend/node_modules/tapable/lib/HookCodeFactory.js:33:10), <anonymous>:15:1)
    at /Users/irmak/Desktop/simsoft/frontend/node_modules/enhanced-resolve/lib/Resolver.js:720:5
    at eval (eval at create (/Users/irmak/Desktop/simsoft/frontend/node_modules/tapable/lib/HookCodeFactory.js:33:10), <anonymous>:15:1)
    at /Users/irmak/Desktop/simsoft/frontend/node_modules/enhanced-resolve/lib/Resolver.js:720:5
    at eval (eval at create (/Users/irmak/Desktop/simsoft/frontend/node_modules/tapable/lib/HookCodeFactory.js:33:10), <anonymous>:16:1)
    at /Users/irmak/Desktop/simsoft/frontend/node_modules/enhanced-resolve/lib/Resolver.js:720:5
    at eval (eval at create (/Users/irmak/Desktop/simsoft/frontend/node_modules/tapable/lib/HookCodeFactory.js:33:10), <anonymous>:27:1)
    at /Users/irmak/Desktop/simsoft/frontend/node_modules/enhanced-resolve/lib/DescriptionFilePlugin.js:89:43
    at /Users/irmak/Desktop/simsoft/frontend/node_modules/enhanced-resolve/lib/Resolver.js:720:5
    at eval (eval at create (/Users/irmak/Desktop/simsoft/frontend/node_modules/tapable/lib/HookCodeFactory.js:33:10), <anonymous>:16:1)
    at /Users/irmak/Desktop/simsoft/frontend/node_modules/enhanced-resolve/lib/Resolver.js:720:5
    at eval (eval at create (/Users/irmak/Desktop/simsoft/frontend/node_modules/tapable/lib/HookCodeFactory.js:33:10), <anonymous>:15:1)
    at /Users/irmak/Desktop/simsoft/frontend/node_modules/enhanced-resolve/lib/DirectoryExistsPlugin.js:43:15
    at process.processTicksAndRejections (node:internal/process/task_queues:89:21)

1 ERROR in child compilations (Use 'stats.children: true' resp. '--stats-children' for more details)
webpack compiled with 8 errors
Failed to compile.

Module not found: Error: Can't resolve '/Users/irmak/Desktop/simsoft/frontend/node_modules/css-loader/dist/cjs.js' in '/Users/irmak/Desktop/simsoft/frontend'
LOG from webpack.FileSystemInfo
<w> Managed item /Users/irmak/Desktop/simsoft/frontend/node_modules/scheduler isn't a directory or doesn't contain a package.json (see snapshot.managedPaths option)
+ 8 hidden lines

ERROR in ./src/App.js 6:0-19
Module not found: Error: Can't resolve '/Users/irmak/Desktop/simsoft/frontend/node_modules/css-loader/dist/cjs.js' in '/Users/irmak/Desktop/simsoft/frontend'

ERROR in ./src/PhysicsSimulation.js 7:0-33
Module not found: Error: Can't resolve '/Users/irmak/Desktop/simsoft/frontend/node_modules/css-loader/dist/cjs.js' in '/Users/irmak/Desktop/simsoft/frontend'

ERROR in ./src/index.js 6:0-21
Module not found: Error: Can't resolve '/Users/irmak/Desktop/simsoft/frontend/node_modules/css-loader/dist/cjs.js' in '/Users/irmak/Desktop/simsoft/frontend'

ERROR in ./node_modules/@pmmmwh/react-refresh-webpack-plugin/lib/runtime/RefreshUtils.js
Module build failed (from ./node_modules/source-map-loader/dist/cjs.js):
Error: ENOENT: no such file or directory, open '/Users/irmak/Desktop/simsoft/frontend/node_modules/@pmmmwh/react-refresh-webpack-plugin/lib/runtime/RefreshUtils.js'

ERROR in ./node_modules/scheduler/index.js
Module build failed (from ./node_modules/source-map-loader/dist/cjs.js):
Error: ENOENT: no such file or directory, open '/Users/irmak/Desktop/simsoft/frontend/node_modules/scheduler/index.js'

ERROR in ./node_modules/sockjs-client/lib/entry.js
Module build failed (from ./node_modules/source-map-loader/dist/cjs.js):
Error: ENOENT: no such file or directory, open '/Users/irmak/Desktop/simsoft/frontend/node_modules/sockjs-client/lib/entry.js'

ERROR in Module not found: Error: Can't resolve '/Users/irmak/Desktop/simsoft/frontend/node_modules/@pmmmwh/react-refresh-webpack-plugin/client/ReactRefreshEntry.js' in '/Users/irmak/Desktop/simsoft/frontend'

ERROR in Child compilation failed:
Module not found: Error: Can't resolve '/Users/irmak/Desktop/simsoft/frontend/node_modules/html-webpack-plugin/lib/loader.js' in '/Users/irmak/Desktop/simsoft/frontend'
ModuleNotFoundError: Module not found: Error: Can't resolve '/Users/irmak/Desktop/simsoft/frontend/node_modules/html-webpack-plugin/lib/loader.js' in '/Users/irmak/Desktop/simsoft/frontend'
    at /Users/irmak/Desktop/simsoft/frontend/node_modules/webpack/lib/Compilation.js:2246:28
    at /Users/irmak/Desktop/simsoft/frontend/node_modules/webpack/lib/NormalModuleFactory.js:949:13
    at eval (eval at create (/Users/irmak/Desktop/simsoft/frontend/node_modules/tapable/lib/HookCodeFactory.js:33:10), <anonymous>:10:1)
    at /Users/irmak/Desktop/simsoft/frontend/node_modules/webpack/lib/NormalModuleFactory.js:347:22
    at eval (eval at create (/Users/irmak/Desktop/simsoft/frontend/node_modules/tapable/lib/HookCodeFactory.js:33:10), <anonymous>:9:1)
    at /Users/irmak/Desktop/simsoft/frontend/node_modules/webpack/lib/NormalModuleFactory.js:532:22
    at /Users/irmak/Desktop/simsoft/frontend/node_modules/webpack/lib/NormalModuleFactory.js:163:10
    at /Users/irmak/Desktop/simsoft/frontend/node_modules/webpack/lib/NormalModuleFactory.js:769:23
    at /Users/irmak/Desktop/simsoft/frontend/node_modules/neo-async/async.js:2830:7
    at done (/Users/irmak/Desktop/simsoft/frontend/node_modules/neo-async/async.js:2925:13)
    at /Users/irmak/Desktop/simsoft/frontend/node_modules/webpack/lib/NormalModuleFactory.js:1218:23
    at finishWithoutResolve (/Users/irmak/Desktop/simsoft/frontend/node_modules/enhanced-resolve/lib/Resolver.js:570:11)
    at /Users/irmak/Desktop/simsoft/frontend/node_modules/enhanced-resolve/lib/Resolver.js:659:14
    at /Users/irmak/Desktop/simsoft/frontend/node_modules/enhanced-resolve/lib/Resolver.js:720:5
    at eval (eval at create (/Users/irmak/Desktop/simsoft/frontend/node_modules/tapable/lib/HookCodeFactory.js:33:10), <anonymous>:16:1)
    at /Users/irmak/Desktop/simsoft/frontend/node_modules/enhanced-resolve/lib/Resolver.js:720:5
    at eval (eval at create (/Users/irmak/Desktop/simsoft/frontend/node_modules/tapable/lib/HookCodeFactory.js:33:10), <anonymous>:27:1)
    at /Users/irmak/Desktop/simsoft/frontend/node_modules/enhanced-resolve/lib/DescriptionFilePlugin.js:89:43
    at /Users/irmak/Desktop/simsoft/frontend/node_modules/enhanced-resolve/lib/Resolver.js:720:5
    at eval (eval at create (/Users/irmak/Desktop/simsoft/frontend/node_modules/tapable/lib/HookCodeFactory.js:33:10), <anonymous>:15:1)
    at /Users/irmak/Desktop/simsoft/frontend/node_modules/enhanced-resolve/lib/Resolver.js:720:5
    at eval (eval at create (/Users/irmak/Desktop/simsoft/frontend/node_modules/tapable/lib/HookCodeFactory.js:33:10), <anonymous>:15:1)
    at /Users/irmak/Desktop/simsoft/frontend/node_modules/enhanced-resolve/lib/Resolver.js:720:5
    at eval (eval at create (/Users/irmak/Desktop/simsoft/frontend/node_modules/tapable/lib/HookCodeFactory.js:33:10), <anonymous>:16:1)
    at /Users/irmak/Desktop/simsoft/frontend/node_modules/enhanced-resolve/lib/Resolver.js:720:5
    at eval (eval at create (/Users/irmak/Desktop/simsoft/frontend/node_modules/tapable/lib/HookCodeFactory.js:33:10), <anonymous>:27:1)
    at /Users/irmak/Desktop/simsoft/frontend/node_modules/enhanced-resolve/lib/DescriptionFilePlugin.js:89:43
    at /Users/irmak/Desktop/simsoft/frontend/node_modules/enhanced-resolve/lib/Resolver.js:720:5
    at eval (eval at create (/Users/irmak/Desktop/simsoft/frontend/node_modules/tapable/lib/HookCodeFactory.js:33:10), <anonymous>:16:1)
    at /Users/irmak/Desktop/simsoft/frontend/node_modules/enhanced-resolve/lib/Resolver.js:720:5
    at eval (eval at create (/Users/irmak/Desktop/simsoft/frontend/node_modules/tapable/lib/HookCodeFactory.js:33:10), <anonymous>:15:1)
    at /Users/irmak/Desktop/simsoft/frontend/node_modules/enhanced-resolve/lib/DirectoryExistsPlugin.js:43:15
    at process.processTicksAndRejections (node:internal/process/task_queues:89:21)

webpack compiled with 8 errors
Failed to compile.

Module not found: Error: Can't resolve '/Users/irmak/Desktop/simsoft/frontend/node_modules/css-loader/dist/cjs.js' in '/Users/irmak/Desktop/simsoft/frontend'
LOG from webpack.FileSystemInfo
<w> Managed item /Users/irmak/Desktop/simsoft/frontend/node_modules/react-refresh isn't a directory or doesn't contain a package.json (see snapshot.managedPaths option)
+ 8 hidden lines

ERROR in ./src/App.js 6:0-19
Module not found: Error: Can't resolve '/Users/irmak/Desktop/simsoft/frontend/node_modules/css-loader/dist/cjs.js' in '/Users/irmak/Desktop/simsoft/frontend'

ERROR in ./src/PhysicsSimulation.js 7:0-33
Module not found: Error: Can't resolve '/Users/irmak/Desktop/simsoft/frontend/node_modules/css-loader/dist/cjs.js' in '/Users/irmak/Desktop/simsoft/frontend'

ERROR in ./src/index.js 6:0-21
Module not found: Error: Can't resolve '/Users/irmak/Desktop/simsoft/frontend/node_modules/css-loader/dist/cjs.js' in '/Users/irmak/Desktop/simsoft/frontend'

ERROR in ./node_modules/@pmmmwh/react-refresh-webpack-plugin/lib/runtime/RefreshUtils.js
Module build failed (from ./node_modules/source-map-loader/dist/cjs.js):
Error: ENOENT: no such file or directory, open '/Users/irmak/Desktop/simsoft/frontend/node_modules/@pmmmwh/react-refresh-webpack-plugin/lib/runtime/RefreshUtils.js'

ERROR in ./node_modules/react-refresh/runtime.js
Module build failed (from ./node_modules/source-map-loader/dist/cjs.js):
Error: ENOENT: no such file or directory, open '/Users/irmak/Desktop/simsoft/frontend/node_modules/react-refresh/runtime.js'

ERROR in ./node_modules/scheduler/index.js
Module build failed (from ./node_modules/source-map-loader/dist/cjs.js):
Error: ENOENT: no such file or directory, open '/Users/irmak/Desktop/simsoft/frontend/node_modules/scheduler/index.js'

ERROR in ./node_modules/sockjs-client/lib/entry.js
Module build failed (from ./node_modules/source-map-loader/dist/cjs.js):
Error: ENOENT: no such file or directory, open '/Users/irmak/Desktop/simsoft/frontend/node_modules/sockjs-client/lib/entry.js'

ERROR in Module not found: Error: Can't resolve '/Users/irmak/Desktop/simsoft/frontend/node_modules/@pmmmwh/react-refresh-webpack-plugin/client/ReactRefreshEntry.js' in '/Users/irmak/Desktop/simsoft/frontend'

ERROR in Child compilation failed:
Module not found: Error: Can't resolve '/Users/irmak/Desktop/simsoft/frontend/node_modules/html-webpack-plugin/lib/loader.js' in '/Users/irmak/Desktop/simsoft/frontend'
ModuleNotFoundError: Module not found: Error: Can't resolve '/Users/irmak/Desktop/simsoft/frontend/node_modules/html-webpack-plugin/lib/loader.js' in '/Users/irmak/Desktop/simsoft/frontend'
    at /Users/irmak/Desktop/simsoft/frontend/node_modules/webpack/lib/Compilation.js:2246:28
    at /Users/irmak/Desktop/simsoft/frontend/node_modules/webpack/lib/NormalModuleFactory.js:949:13
    at eval (eval at create (/Users/irmak/Desktop/simsoft/frontend/node_modules/tapable/lib/HookCodeFactory.js:33:10), <anonymous>:10:1)
    at /Users/irmak/Desktop/simsoft/frontend/node_modules/webpack/lib/NormalModuleFactory.js:347:22
    at eval (eval at create (/Users/irmak/Desktop/simsoft/frontend/node_modules/tapable/lib/HookCodeFactory.js:33:10), <anonymous>:9:1)
    at /Users/irmak/Desktop/simsoft/frontend/node_modules/webpack/lib/NormalModuleFactory.js:532:22
    at /Users/irmak/Desktop/simsoft/frontend/node_modules/webpack/lib/NormalModuleFactory.js:163:10
    at /Users/irmak/Desktop/simsoft/frontend/node_modules/webpack/lib/NormalModuleFactory.js:769:23
    at /Users/irmak/Desktop/simsoft/frontend/node_modules/neo-async/async.js:2830:7
    at done (/Users/irmak/Desktop/simsoft/frontend/node_modules/neo-async/async.js:2925:13)
    at /Users/irmak/Desktop/simsoft/frontend/node_modules/webpack/lib/NormalModuleFactory.js:1218:23
    at finishWithoutResolve (/Users/irmak/Desktop/simsoft/frontend/node_modules/enhanced-resolve/lib/Resolver.js:570:11)
    at /Users/irmak/Desktop/simsoft/frontend/node_modules/enhanced-resolve/lib/Resolver.js:659:14
    at /Users/irmak/Desktop/simsoft/frontend/node_modules/enhanced-resolve/lib/Resolver.js:720:5
    at eval (eval at create (/Users/irmak/Desktop/simsoft/frontend/node_modules/tapable/lib/HookCodeFactory.js:33:10), <anonymous>:16:1)
    at /Users/irmak/Desktop/simsoft/frontend/node_modules/enhanced-resolve/lib/Resolver.js:720:5
    at eval (eval at create (/Users/irmak/Desktop/simsoft/frontend/node_modules/tapable/lib/HookCodeFactory.js:33:10), <anonymous>:27:1)
    at /Users/irmak/Desktop/simsoft/frontend/node_modules/enhanced-resolve/lib/DescriptionFilePlugin.js:89:43
    at /Users/irmak/Desktop/simsoft/frontend/node_modules/enhanced-resolve/lib/Resolver.js:720:5
    at eval (eval at create (/Users/irmak/Desktop/simsoft/frontend/node_modules/tapable/lib/HookCodeFactory.js:33:10), <anonymous>:15:1)
    at /Users/irmak/Desktop/simsoft/frontend/node_modules/enhanced-resolve/lib/Resolver.js:720:5
    at eval (eval at create (/Users/irmak/Desktop/simsoft/frontend/node_modules/tapable/lib/HookCodeFactory.js:33:10), <anonymous>:15:1)
    at /Users/irmak/Desktop/simsoft/frontend/node_modules/enhanced-resolve/lib/Resolver.js:720:5
    at eval (eval at create (/Users/irmak/Desktop/simsoft/frontend/node_modules/tapable/lib/HookCodeFactory.js:33:10), <anonymous>:16:1)
    at /Users/irmak/Desktop/simsoft/frontend/node_modules/enhanced-resolve/lib/Resolver.js:720:5
    at eval (eval at create (/Users/irmak/Desktop/simsoft/frontend/node_modules/tapable/lib/HookCodeFactory.js:33:10), <anonymous>:27:1)
    at /Users/irmak/Desktop/simsoft/frontend/node_modules/enhanced-resolve/lib/DescriptionFilePlugin.js:89:43
    at /Users/irmak/Desktop/simsoft/frontend/node_modules/enhanced-resolve/lib/Resolver.js:720:5
    at eval (eval at create (/Users/irmak/Desktop/simsoft/frontend/node_modules/tapable/lib/HookCodeFactory.js:33:10), <anonymous>:16:1)
    at /Users/irmak/Desktop/simsoft/frontend/node_modules/enhanced-resolve/lib/Resolver.js:720:5
    at eval (eval at create (/Users/irmak/Desktop/simsoft/frontend/node_modules/tapable/lib/HookCodeFactory.js:33:10), <anonymous>:15:1)
    at /Users/irmak/Desktop/simsoft/frontend/node_modules/enhanced-resolve/lib/DirectoryExistsPlugin.js:43:15
    at process.processTicksAndRejections (node:internal/process/task_queues:89:21)

webpack compiled with 9 errors
Failed to compile.

Module not found: Error: Can't resolve '/Users/irmak/Desktop/simsoft/frontend/node_modules/css-loader/dist/cjs.js' in '/Users/irmak/Desktop/simsoft/frontend'
LOG from webpack.FileSystemInfo
<w> Managed item /Users/irmak/Desktop/simsoft/frontend/node_modules/react-dom isn't a directory or doesn't contain a package.json (see snapshot.managedPaths option)
+ 8 hidden lines

ERROR in ./src/App.js 6:0-19
Module not found: Error: Can't resolve '/Users/irmak/Desktop/simsoft/frontend/node_modules/css-loader/dist/cjs.js' in '/Users/irmak/Desktop/simsoft/frontend'

ERROR in ./src/PhysicsSimulation.js 7:0-33
Module not found: Error: Can't resolve '/Users/irmak/Desktop/simsoft/frontend/node_modules/css-loader/dist/cjs.js' in '/Users/irmak/Desktop/simsoft/frontend'

ERROR in ./src/index.js 6:0-21
Module not found: Error: Can't resolve '/Users/irmak/Desktop/simsoft/frontend/node_modules/css-loader/dist/cjs.js' in '/Users/irmak/Desktop/simsoft/frontend'

ERROR in ./node_modules/@pmmmwh/react-refresh-webpack-plugin/lib/runtime/RefreshUtils.js
Module build failed (from ./node_modules/source-map-loader/dist/cjs.js):
Error: ENOENT: no such file or directory, open '/Users/irmak/Desktop/simsoft/frontend/node_modules/@pmmmwh/react-refresh-webpack-plugin/lib/runtime/RefreshUtils.js'

ERROR in ./node_modules/react-dom/client.js
Module build failed (from ./node_modules/source-map-loader/dist/cjs.js):
Error: ENOENT: no such file or directory, open '/Users/irmak/Desktop/simsoft/frontend/node_modules/react-dom/client.js'

ERROR in ./node_modules/react-refresh/runtime.js
Module build failed (from ./node_modules/source-map-loader/dist/cjs.js):
Error: ENOENT: no such file or directory, open '/Users/irmak/Desktop/simsoft/frontend/node_modules/react-refresh/runtime.js'

ERROR in ./node_modules/sockjs-client/lib/entry.js
Module build failed (from ./node_modules/source-map-loader/dist/cjs.js):
Error: ENOENT: no such file or directory, open '/Users/irmak/Desktop/simsoft/frontend/node_modules/sockjs-client/lib/entry.js'

ERROR in Module not found: Error: Can't resolve '/Users/irmak/Desktop/simsoft/frontend/node_modules/@pmmmwh/react-refresh-webpack-plugin/client/ReactRefreshEntry.js' in '/Users/irmak/Desktop/simsoft/frontend'

ERROR in Child compilation failed:
Module not found: Error: Can't resolve '/Users/irmak/Desktop/simsoft/frontend/node_modules/html-webpack-plugin/lib/loader.js' in '/Users/irmak/Desktop/simsoft/frontend'
ModuleNotFoundError: Module not found: Error: Can't resolve '/Users/irmak/Desktop/simsoft/frontend/node_modules/html-webpack-plugin/lib/loader.js' in '/Users/irmak/Desktop/simsoft/frontend'
    at /Users/irmak/Desktop/simsoft/frontend/node_modules/webpack/lib/Compilation.js:2246:28
    at /Users/irmak/Desktop/simsoft/frontend/node_modules/webpack/lib/NormalModuleFactory.js:949:13
    at eval (eval at create (/Users/irmak/Desktop/simsoft/frontend/node_modules/tapable/lib/HookCodeFactory.js:33:10), <anonymous>:10:1)
    at /Users/irmak/Desktop/simsoft/frontend/node_modules/webpack/lib/NormalModuleFactory.js:347:22
    at eval (eval at create (/Users/irmak/Desktop/simsoft/frontend/node_modules/tapable/lib/HookCodeFactory.js:33:10), <anonymous>:9:1)
    at /Users/irmak/Desktop/simsoft/frontend/node_modules/webpack/lib/NormalModuleFactory.js:532:22
    at /Users/irmak/Desktop/simsoft/frontend/node_modules/webpack/lib/NormalModuleFactory.js:163:10
    at /Users/irmak/Desktop/simsoft/frontend/node_modules/webpack/lib/NormalModuleFactory.js:769:23
    at /Users/irmak/Desktop/simsoft/frontend/node_modules/neo-async/async.js:2830:7
    at done (/Users/irmak/Desktop/simsoft/frontend/node_modules/neo-async/async.js:2925:13)
    at /Users/irmak/Desktop/simsoft/frontend/node_modules/webpack/lib/NormalModuleFactory.js:1218:23
    at finishWithoutResolve (/Users/irmak/Desktop/simsoft/frontend/node_modules/enhanced-resolve/lib/Resolver.js:570:11)
    at /Users/irmak/Desktop/simsoft/frontend/node_modules/enhanced-resolve/lib/Resolver.js:659:14
    at /Users/irmak/Desktop/simsoft/frontend/node_modules/enhanced-resolve/lib/Resolver.js:720:5
    at eval (eval at create (/Users/irmak/Desktop/simsoft/frontend/node_modules/tapable/lib/HookCodeFactory.js:33:10), <anonymous>:16:1)
    at /Users/irmak/Desktop/simsoft/frontend/node_modules/enhanced-resolve/lib/Resolver.js:720:5
    at eval (eval at create (/Users/irmak/Desktop/simsoft/frontend/node_modules/tapable/lib/HookCodeFactory.js:33:10), <anonymous>:27:1)
    at /Users/irmak/Desktop/simsoft/frontend/node_modules/enhanced-resolve/lib/DescriptionFilePlugin.js:89:43
    at /Users/irmak/Desktop/simsoft/frontend/node_modules/enhanced-resolve/lib/Resolver.js:720:5
    at eval (eval at create (/Users/irmak/Desktop/simsoft/frontend/node_modules/tapable/lib/HookCodeFactory.js:33:10), <anonymous>:15:1)
    at /Users/irmak/Desktop/simsoft/frontend/node_modules/enhanced-resolve/lib/Resolver.js:720:5
    at eval (eval at create (/Users/irmak/Desktop/simsoft/frontend/node_modules/tapable/lib/HookCodeFactory.js:33:10), <anonymous>:15:1)
    at /Users/irmak/Desktop/simsoft/frontend/node_modules/enhanced-resolve/lib/Resolver.js:720:5
    at eval (eval at create (/Users/irmak/Desktop/simsoft/frontend/node_modules/tapable/lib/HookCodeFactory.js:33:10), <anonymous>:16:1)
    at /Users/irmak/Desktop/simsoft/frontend/node_modules/enhanced-resolve/lib/Resolver.js:720:5
    at eval (eval at create (/Users/irmak/Desktop/simsoft/frontend/node_modules/tapable/lib/HookCodeFactory.js:33:10), <anonymous>:27:1)
    at /Users/irmak/Desktop/simsoft/frontend/node_modules/enhanced-resolve/lib/DescriptionFilePlugin.js:89:43
    at /Users/irmak/Desktop/simsoft/frontend/node_modules/enhanced-resolve/lib/Resolver.js:720:5
    at eval (eval at create (/Users/irmak/Desktop/simsoft/frontend/node_modules/tapable/lib/HookCodeFactory.js:33:10), <anonymous>:16:1)
    at /Users/irmak/Desktop/simsoft/frontend/node_modules/enhanced-resolve/lib/Resolver.js:720:5
    at eval (eval at create (/Users/irmak/Desktop/simsoft/frontend/node_modules/tapable/lib/HookCodeFactory.js:33:10), <anonymous>:15:1)
    at /Users/irmak/Desktop/simsoft/frontend/node_modules/enhanced-resolve/lib/DirectoryExistsPlugin.js:43:15
    at process.processTicksAndRejections (node:internal/process/task_queues:89:21)

webpack compiled with 9 errors
Failed to compile.

Module not found: Error: Can't resolve '/Users/irmak/Desktop/simsoft/frontend/node_modules/css-loader/dist/cjs.js' in '/Users/irmak/Desktop/simsoft/frontend'
LOG from webpack.FileSystemInfo
<w> Managed item /Users/irmak/Desktop/simsoft/frontend/node_modules/webpack isn't a directory or doesn't contain a package.json (see snapshot.managedPaths option)
+ 13 hidden lines

ERROR in ./src/App.js 6:0-19
Module not found: Error: Can't resolve '/Users/irmak/Desktop/simsoft/frontend/node_modules/css-loader/dist/cjs.js' in '/Users/irmak/Desktop/simsoft/frontend'

ERROR in ./src/PhysicsSimulation.js 7:0-33
Module not found: Error: Can't resolve '/Users/irmak/Desktop/simsoft/frontend/node_modules/css-loader/dist/cjs.js' in '/Users/irmak/Desktop/simsoft/frontend'

ERROR in ./src/index.js 6:0-21
Module not found: Error: Can't resolve '/Users/irmak/Desktop/simsoft/frontend/node_modules/css-loader/dist/cjs.js' in '/Users/irmak/Desktop/simsoft/frontend'

ERROR in ./node_modules/@pmmmwh/react-refresh-webpack-plugin/lib/runtime/RefreshUtils.js
Module build failed (from ./node_modules/source-map-loader/dist/cjs.js):
Error: ENOENT: no such file or directory, open '/Users/irmak/Desktop/simsoft/frontend/node_modules/@pmmmwh/react-refresh-webpack-plugin/lib/runtime/RefreshUtils.js'

ERROR in ./node_modules/react-dom/client.js
Module build failed (from ./node_modules/source-map-loader/dist/cjs.js):
Error: ENOENT: no such file or directory, open '/Users/irmak/Desktop/simsoft/frontend/node_modules/react-dom/client.js'

ERROR in ./node_modules/react-refresh/runtime.js
Module build failed (from ./node_modules/source-map-loader/dist/cjs.js):
Error: ENOENT: no such file or directory, open '/Users/irmak/Desktop/simsoft/frontend/node_modules/react-refresh/runtime.js'

ERROR in ./node_modules/sockjs-client/lib/entry.js
Module build failed (from ./node_modules/source-map-loader/dist/cjs.js):
Error: ENOENT: no such file or directory, open '/Users/irmak/Desktop/simsoft/frontend/node_modules/sockjs-client/lib/entry.js'

ERROR in Module not found: Error: Can't resolve '/Users/irmak/Desktop/simsoft/frontend/node_modules/@pmmmwh/react-refresh-webpack-plugin/client/ReactRefreshEntry.js' in '/Users/irmak/Desktop/simsoft/frontend'

ERROR in Child compilation failed:
Module not found: Error: Can't resolve '/Users/irmak/Desktop/simsoft/frontend/node_modules/html-webpack-plugin/lib/loader.js' in '/Users/irmak/Desktop/simsoft/frontend'
ModuleNotFoundError: Module not found: Error: Can't resolve '/Users/irmak/Desktop/simsoft/frontend/node_modules/html-webpack-plugin/lib/loader.js' in '/Users/irmak/Desktop/simsoft/frontend'
    at /Users/irmak/Desktop/simsoft/frontend/node_modules/webpack/lib/Compilation.js:2246:28
    at /Users/irmak/Desktop/simsoft/frontend/node_modules/webpack/lib/NormalModuleFactory.js:949:13
    at eval (eval at create (/Users/irmak/Desktop/simsoft/frontend/node_modules/tapable/lib/HookCodeFactory.js:33:10), <anonymous>:10:1)
    at /Users/irmak/Desktop/simsoft/frontend/node_modules/webpack/lib/NormalModuleFactory.js:347:22
    at eval (eval at create (/Users/irmak/Desktop/simsoft/frontend/node_modules/tapable/lib/HookCodeFactory.js:33:10), <anonymous>:9:1)
    at /Users/irmak/Desktop/simsoft/frontend/node_modules/webpack/lib/NormalModuleFactory.js:532:22
    at /Users/irmak/Desktop/simsoft/frontend/node_modules/webpack/lib/NormalModuleFactory.js:163:10
    at /Users/irmak/Desktop/simsoft/frontend/node_modules/webpack/lib/NormalModuleFactory.js:769:23
    at /Users/irmak/Desktop/simsoft/frontend/node_modules/neo-async/async.js:2830:7
    at done (/Users/irmak/Desktop/simsoft/frontend/node_modules/neo-async/async.js:2925:13)
    at /Users/irmak/Desktop/simsoft/frontend/node_modules/webpack/lib/NormalModuleFactory.js:1218:23
    at finishWithoutResolve (/Users/irmak/Desktop/simsoft/frontend/node_modules/enhanced-resolve/lib/Resolver.js:570:11)
    at /Users/irmak/Desktop/simsoft/frontend/node_modules/enhanced-resolve/lib/Resolver.js:659:14
    at /Users/irmak/Desktop/simsoft/frontend/node_modules/enhanced-resolve/lib/Resolver.js:720:5
    at eval (eval at create (/Users/irmak/Desktop/simsoft/frontend/node_modules/tapable/lib/HookCodeFactory.js:33:10), <anonymous>:16:1)
    at /Users/irmak/Desktop/simsoft/frontend/node_modules/enhanced-resolve/lib/Resolver.js:720:5
    at eval (eval at create (/Users/irmak/Desktop/simsoft/frontend/node_modules/tapable/lib/HookCodeFactory.js:33:10), <anonymous>:27:1)
    at /Users/irmak/Desktop/simsoft/frontend/node_modules/enhanced-resolve/lib/DescriptionFilePlugin.js:89:43
    at /Users/irmak/Desktop/simsoft/frontend/node_modules/enhanced-resolve/lib/Resolver.js:720:5
    at eval (eval at create (/Users/irmak/Desktop/simsoft/frontend/node_modules/tapable/lib/HookCodeFactory.js:33:10), <anonymous>:15:1)
    at /Users/irmak/Desktop/simsoft/frontend/node_modules/enhanced-resolve/lib/Resolver.js:720:5
    at eval (eval at create (/Users/irmak/Desktop/simsoft/frontend/node_modules/tapable/lib/HookCodeFactory.js:33:10), <anonymous>:15:1)
    at /Users/irmak/Desktop/simsoft/frontend/node_modules/enhanced-resolve/lib/Resolver.js:720:5
    at eval (eval at create (/Users/irmak/Desktop/simsoft/frontend/node_modules/tapable/lib/HookCodeFactory.js:33:10), <anonymous>:16:1)
    at /Users/irmak/Desktop/simsoft/frontend/node_modules/enhanced-resolve/lib/Resolver.js:720:5
    at eval (eval at create (/Users/irmak/Desktop/simsoft/frontend/node_modules/tapable/lib/HookCodeFactory.js:33:10), <anonymous>:27:1)
    at /Users/irmak/Desktop/simsoft/frontend/node_modules/enhanced-resolve/lib/DescriptionFilePlugin.js:89:43
    at /Users/irmak/Desktop/simsoft/frontend/node_modules/enhanced-resolve/lib/Resolver.js:720:5
    at eval (eval at create (/Users/irmak/Desktop/simsoft/frontend/node_modules/tapable/lib/HookCodeFactory.js:33:10), <anonymous>:16:1)
    at /Users/irmak/Desktop/simsoft/frontend/node_modules/enhanced-resolve/lib/Resolver.js:720:5
    at eval (eval at create (/Users/irmak/Desktop/simsoft/frontend/node_modules/tapable/lib/HookCodeFactory.js:33:10), <anonymous>:15:1)
    at /Users/irmak/Desktop/simsoft/frontend/node_modules/enhanced-resolve/lib/DirectoryExistsPlugin.js:43:15
    at process.processTicksAndRejections (node:internal/process/task_queues:89:21)

webpack compiled with 9 errors
Failed to compile.

Module not found: Error: Can't resolve '/Users/irmak/Desktop/simsoft/frontend/node_modules/css-loader/dist/cjs.js' in '/Users/irmak/Desktop/simsoft/frontend'
LOG from webpack.FileSystemInfo
<w> Managed item /Users/irmak/Desktop/simsoft/frontend/node_modules/webpack isn't a directory or doesn't contain a package.json (see snapshot.managedPaths option)
+ 14 hidden lines

ERROR in ./src/App.js 6:0-19
Module not found: Error: Can't resolve '/Users/irmak/Desktop/simsoft/frontend/node_modules/css-loader/dist/cjs.js' in '/Users/irmak/Desktop/simsoft/frontend'

ERROR in ./src/PhysicsSimulation.js 7:0-33
Module not found: Error: Can't resolve '/Users/irmak/Desktop/simsoft/frontend/node_modules/css-loader/dist/cjs.js' in '/Users/irmak/Desktop/simsoft/frontend'

ERROR in ./src/index.js 6:0-21
Module not found: Error: Can't resolve '/Users/irmak/Desktop/simsoft/frontend/node_modules/css-loader/dist/cjs.js' in '/Users/irmak/Desktop/simsoft/frontend'

ERROR in ./node_modules/@pmmmwh/react-refresh-webpack-plugin/lib/runtime/RefreshUtils.js
Module build failed (from ./node_modules/source-map-loader/dist/cjs.js):
Error: ENOENT: no such file or directory, open '/Users/irmak/Desktop/simsoft/frontend/node_modules/@pmmmwh/react-refresh-webpack-plugin/lib/runtime/RefreshUtils.js'

ERROR in ./node_modules/react-dom/client.js
Module build failed (from ./node_modules/source-map-loader/dist/cjs.js):
Error: ENOENT: no such file or directory, open '/Users/irmak/Desktop/simsoft/frontend/node_modules/react-dom/client.js'

ERROR in ./node_modules/react-refresh/runtime.js
Module build failed (from ./node_modules/source-map-loader/dist/cjs.js):
Error: ENOENT: no such file or directory, open '/Users/irmak/Desktop/simsoft/frontend/node_modules/react-refresh/runtime.js'

ERROR in ./node_modules/sockjs-client/lib/entry.js
Module build failed (from ./node_modules/source-map-loader/dist/cjs.js):
Error: ENOENT: no such file or directory, open '/Users/irmak/Desktop/simsoft/frontend/node_modules/sockjs-client/lib/entry.js'

ERROR in ./node_modules/webpack/hot/emitter.js
Module build failed (from ./node_modules/source-map-loader/dist/cjs.js):
Error: ENOENT: no such file or directory, open '/Users/irmak/Desktop/simsoft/frontend/node_modules/webpack/hot/emitter.js'

ERROR in ./node_modules/webpack/hot/log.js
Module build failed (from ./node_modules/source-map-loader/dist/cjs.js):
Error: ENOENT: no such file or directory, open '/Users/irmak/Desktop/simsoft/frontend/node_modules/webpack/hot/log.js'

ERROR in Module not found: Error: Can't resolve '/Users/irmak/Desktop/simsoft/frontend/node_modules/@pmmmwh/react-refresh-webpack-plugin/client/ReactRefreshEntry.js' in '/Users/irmak/Desktop/simsoft/frontend'

ERROR in Module not found: Error: Can't resolve '/Users/irmak/Desktop/simsoft/frontend/node_modules/webpack/hot/dev-server.js' in '/Users/irmak/Desktop/simsoft/frontend'

ERROR in Child compilation failed:
Module not found: Error: Can't resolve '/Users/irmak/Desktop/simsoft/frontend/node_modules/html-webpack-plugin/lib/loader.js' in '/Users/irmak/Desktop/simsoft/frontend'
ModuleNotFoundError: Module not found: Error: Can't resolve '/Users/irmak/Desktop/simsoft/frontend/node_modules/html-webpack-plugin/lib/loader.js' in '/Users/irmak/Desktop/simsoft/frontend'
    at /Users/irmak/Desktop/simsoft/frontend/node_modules/webpack/lib/Compilation.js:2246:28
    at /Users/irmak/Desktop/simsoft/frontend/node_modules/webpack/lib/NormalModuleFactory.js:949:13
    at eval (eval at create (/Users/irmak/Desktop/simsoft/frontend/node_modules/tapable/lib/HookCodeFactory.js:33:10), <anonymous>:10:1)
    at /Users/irmak/Desktop/simsoft/frontend/node_modules/webpack/lib/NormalModuleFactory.js:347:22
    at eval (eval at create (/Users/irmak/Desktop/simsoft/frontend/node_modules/tapable/lib/HookCodeFactory.js:33:10), <anonymous>:9:1)
    at /Users/irmak/Desktop/simsoft/frontend/node_modules/webpack/lib/NormalModuleFactory.js:532:22
    at /Users/irmak/Desktop/simsoft/frontend/node_modules/webpack/lib/NormalModuleFactory.js:163:10
    at /Users/irmak/Desktop/simsoft/frontend/node_modules/webpack/lib/NormalModuleFactory.js:769:23
    at /Users/irmak/Desktop/simsoft/frontend/node_modules/neo-async/async.js:2830:7
    at done (/Users/irmak/Desktop/simsoft/frontend/node_modules/neo-async/async.js:2925:13)
    at /Users/irmak/Desktop/simsoft/frontend/node_modules/webpack/lib/NormalModuleFactory.js:1218:23
    at finishWithoutResolve (/Users/irmak/Desktop/simsoft/frontend/node_modules/enhanced-resolve/lib/Resolver.js:570:11)
    at /Users/irmak/Desktop/simsoft/frontend/node_modules/enhanced-resolve/lib/Resolver.js:659:14
    at /Users/irmak/Desktop/simsoft/frontend/node_modules/enhanced-resolve/lib/Resolver.js:720:5
    at eval (eval at create (/Users/irmak/Desktop/simsoft/frontend/node_modules/tapable/lib/HookCodeFactory.js:33:10), <anonymous>:16:1)
    at /Users/irmak/Desktop/simsoft/frontend/node_modules/enhanced-resolve/lib/Resolver.js:720:5
    at eval (eval at create (/Users/irmak/Desktop/simsoft/frontend/node_modules/tapable/lib/HookCodeFactory.js:33:10), <anonymous>:27:1)
    at /Users/irmak/Desktop/simsoft/frontend/node_modules/enhanced-resolve/lib/DescriptionFilePlugin.js:89:43
    at /Users/irmak/Desktop/simsoft/frontend/node_modules/enhanced-resolve/lib/Resolver.js:720:5
    at eval (eval at create (/Users/irmak/Desktop/simsoft/frontend/node_modules/tapable/lib/HookCodeFactory.js:33:10), <anonymous>:15:1)
    at /Users/irmak/Desktop/simsoft/frontend/node_modules/enhanced-resolve/lib/Resolver.js:720:5
    at eval (eval at create (/Users/irmak/Desktop/simsoft/frontend/node_modules/tapable/lib/HookCodeFactory.js:33:10), <anonymous>:15:1)
    at /Users/irmak/Desktop/simsoft/frontend/node_modules/enhanced-resolve/lib/Resolver.js:720:5
    at eval (eval at create (/Users/irmak/Desktop/simsoft/frontend/node_modules/tapable/lib/HookCodeFactory.js:33:10), <anonymous>:16:1)
    at /Users/irmak/Desktop/simsoft/frontend/node_modules/enhanced-resolve/lib/Resolver.js:720:5
    at eval (eval at create (/Users/irmak/Desktop/simsoft/frontend/node_modules/tapable/lib/HookCodeFactory.js:33:10), <anonymous>:27:1)
    at /Users/irmak/Desktop/simsoft/frontend/node_modules/enhanced-resolve/lib/DescriptionFilePlugin.js:89:43
    at /Users/irmak/Desktop/simsoft/frontend/node_modules/enhanced-resolve/lib/Resolver.js:720:5
    at eval (eval at create (/Users/irmak/Desktop/simsoft/frontend/node_modules/tapable/lib/HookCodeFactory.js:33:10), <anonymous>:16:1)
    at /Users/irmak/Desktop/simsoft/frontend/node_modules/enhanced-resolve/lib/Resolver.js:720:5
    at eval (eval at create (/Users/irmak/Desktop/simsoft/frontend/node_modules/tapable/lib/HookCodeFactory.js:33:10), <anonymous>:15:1)
    at /Users/irmak/Desktop/simsoft/frontend/node_modules/enhanced-resolve/lib/DirectoryExistsPlugin.js:43:15
    at process.processTicksAndRejections (node:internal/process/task_queues:89:21)

webpack compiled with 12 errors
Failed to compile.

Module not found: Error: Can't resolve '/Users/irmak/Desktop/simsoft/frontend/node_modules/css-loader/dist/cjs.js' in '/Users/irmak/Desktop/simsoft/frontend'
LOG from webpack.FileSystemInfo
<w> Managed item /Users/irmak/Desktop/simsoft/frontend/node_modules/webpack-dev-server isn't a directory or doesn't contain a package.json (see snapshot.managedPaths option)
+ 12 hidden lines

ERROR in ./src/App.js 6:0-19
Module not found: Error: Can't resolve '/Users/irmak/Desktop/simsoft/frontend/node_modules/css-loader/dist/cjs.js' in '/Users/irmak/Desktop/simsoft/frontend'

ERROR in ./src/PhysicsSimulation.js 7:0-33
Module not found: Error: Can't resolve '/Users/irmak/Desktop/simsoft/frontend/node_modules/css-loader/dist/cjs.js' in '/Users/irmak/Desktop/simsoft/frontend'

ERROR in ./src/index.js 6:0-21
Module not found: Error: Can't resolve '/Users/irmak/Desktop/simsoft/frontend/node_modules/css-loader/dist/cjs.js' in '/Users/irmak/Desktop/simsoft/frontend'

ERROR in ./node_modules/@pmmmwh/react-refresh-webpack-plugin/lib/runtime/RefreshUtils.js
Module build failed (from ./node_modules/source-map-loader/dist/cjs.js):
Error: ENOENT: no such file or directory, open '/Users/irmak/Desktop/simsoft/frontend/node_modules/@pmmmwh/react-refresh-webpack-plugin/lib/runtime/RefreshUtils.js'

ERROR in ./node_modules/react-dom/client.js
Module build failed (from ./node_modules/source-map-loader/dist/cjs.js):
Error: ENOENT: no such file or directory, open '/Users/irmak/Desktop/simsoft/frontend/node_modules/react-dom/client.js'

ERROR in ./node_modules/react-refresh/runtime.js
Module build failed (from ./node_modules/source-map-loader/dist/cjs.js):
Error: ENOENT: no such file or directory, open '/Users/irmak/Desktop/simsoft/frontend/node_modules/react-refresh/runtime.js'

ERROR in ./node_modules/sockjs-client/lib/entry.js
Module build failed (from ./node_modules/source-map-loader/dist/cjs.js):
Error: ENOENT: no such file or directory, open '/Users/irmak/Desktop/simsoft/frontend/node_modules/sockjs-client/lib/entry.js'

ERROR in Module not found: Error: Can't resolve '/Users/irmak/Desktop/simsoft/frontend/node_modules/@pmmmwh/react-refresh-webpack-plugin/client/ReactRefreshEntry.js' in '/Users/irmak/Desktop/simsoft/frontend'

ERROR in Module not found: Error: Can't resolve '/Users/irmak/Desktop/simsoft/frontend/node_modules/webpack-dev-server/client/index.js?protocol=ws%3A&hostname=0.0.0.0&port=3000&pathname=%2Fws&logging=none&overlay=%7B%22errors%22%3Atrue%2C%22warnings%22%3Afalse%7D&reconnect=10&hot=true&live-reload=true' in '/Users/irmak/Desktop/simsoft/frontend'

ERROR in Module not found: Error: Can't resolve '/Users/irmak/Desktop/simsoft/frontend/node_modules/webpack/hot/dev-server.js' in '/Users/irmak/Desktop/simsoft/frontend'

ERROR in Child compilation failed:
Module not found: Error: Can't resolve '/Users/irmak/Desktop/simsoft/frontend/node_modules/html-webpack-plugin/lib/loader.js' in '/Users/irmak/Desktop/simsoft/frontend'
ModuleNotFoundError: Module not found: Error: Can't resolve '/Users/irmak/Desktop/simsoft/frontend/node_modules/html-webpack-plugin/lib/loader.js' in '/Users/irmak/Desktop/simsoft/frontend'
    at /Users/irmak/Desktop/simsoft/frontend/node_modules/webpack/lib/Compilation.js:2246:28
    at /Users/irmak/Desktop/simsoft/frontend/node_modules/webpack/lib/NormalModuleFactory.js:949:13
    at eval (eval at create (/Users/irmak/Desktop/simsoft/frontend/node_modules/tapable/lib/HookCodeFactory.js:33:10), <anonymous>:10:1)
    at /Users/irmak/Desktop/simsoft/frontend/node_modules/webpack/lib/NormalModuleFactory.js:347:22
    at eval (eval at create (/Users/irmak/Desktop/simsoft/frontend/node_modules/tapable/lib/HookCodeFactory.js:33:10), <anonymous>:9:1)
    at /Users/irmak/Desktop/simsoft/frontend/node_modules/webpack/lib/NormalModuleFactory.js:532:22
    at /Users/irmak/Desktop/simsoft/frontend/node_modules/webpack/lib/NormalModuleFactory.js:163:10
    at /Users/irmak/Desktop/simsoft/frontend/node_modules/webpack/lib/NormalModuleFactory.js:769:23
    at /Users/irmak/Desktop/simsoft/frontend/node_modules/neo-async/async.js:2830:7
    at done (/Users/irmak/Desktop/simsoft/frontend/node_modules/neo-async/async.js:2925:13)
    at /Users/irmak/Desktop/simsoft/frontend/node_modules/webpack/lib/NormalModuleFactory.js:1218:23
    at finishWithoutResolve (/Users/irmak/Desktop/simsoft/frontend/node_modules/enhanced-resolve/lib/Resolver.js:570:11)
    at /Users/irmak/Desktop/simsoft/frontend/node_modules/enhanced-resolve/lib/Resolver.js:659:14
    at /Users/irmak/Desktop/simsoft/frontend/node_modules/enhanced-resolve/lib/Resolver.js:720:5
    at eval (eval at create (/Users/irmak/Desktop/simsoft/frontend/node_modules/tapable/lib/HookCodeFactory.js:33:10), <anonymous>:16:1)
    at /Users/irmak/Desktop/simsoft/frontend/node_modules/enhanced-resolve/lib/Resolver.js:720:5
    at eval (eval at create (/Users/irmak/Desktop/simsoft/frontend/node_modules/tapable/lib/HookCodeFactory.js:33:10), <anonymous>:27:1)
    at /Users/irmak/Desktop/simsoft/frontend/node_modules/enhanced-resolve/lib/DescriptionFilePlugin.js:89:43
    at /Users/irmak/Desktop/simsoft/frontend/node_modules/enhanced-resolve/lib/Resolver.js:720:5
    at eval (eval at create (/Users/irmak/Desktop/simsoft/frontend/node_modules/tapable/lib/HookCodeFactory.js:33:10), <anonymous>:15:1)
    at /Users/irmak/Desktop/simsoft/frontend/node_modules/enhanced-resolve/lib/Resolver.js:720:5
    at eval (eval at create (/Users/irmak/Desktop/simsoft/frontend/node_modules/tapable/lib/HookCodeFactory.js:33:10), <anonymous>:15:1)
    at /Users/irmak/Desktop/simsoft/frontend/node_modules/enhanced-resolve/lib/Resolver.js:720:5
    at eval (eval at create (/Users/irmak/Desktop/simsoft/frontend/node_modules/tapable/lib/HookCodeFactory.js:33:10), <anonymous>:16:1)
    at /Users/irmak/Desktop/simsoft/frontend/node_modules/enhanced-resolve/lib/Resolver.js:720:5
    at eval (eval at create (/Users/irmak/Desktop/simsoft/frontend/node_modules/tapable/lib/HookCodeFactory.js:33:10), <anonymous>:27:1)
    at /Users/irmak/Desktop/simsoft/frontend/node_modules/enhanced-resolve/lib/DescriptionFilePlugin.js:89:43
    at /Users/irmak/Desktop/simsoft/frontend/node_modules/enhanced-resolve/lib/Resolver.js:720:5
    at eval (eval at create (/Users/irmak/Desktop/simsoft/frontend/node_modules/tapable/lib/HookCodeFactory.js:33:10), <anonymous>:16:1)
    at /Users/irmak/Desktop/simsoft/frontend/node_modules/enhanced-resolve/lib/Resolver.js:720:5
    at eval (eval at create (/Users/irmak/Desktop/simsoft/frontend/node_modules/tapable/lib/HookCodeFactory.js:33:10), <anonymous>:15:1)
    at /Users/irmak/Desktop/simsoft/frontend/node_modules/enhanced-resolve/lib/DirectoryExistsPlugin.js:43:15
    at process.processTicksAndRejections (node:internal/process/task_queues:89:21)

webpack compiled with 11 errors
Failed to compile.

Module not found: Error: Can't resolve '/Users/irmak/Desktop/simsoft/frontend/node_modules/css-loader/dist/cjs.js' in '/Users/irmak/Desktop/simsoft/frontend'
ERROR in ./src/App.js 6:0-19
Module not found: Error: Can't resolve '/Users/irmak/Desktop/simsoft/frontend/node_modules/css-loader/dist/cjs.js' in '/Users/irmak/Desktop/simsoft/frontend'

ERROR in ./src/PhysicsSimulation.js 7:0-33
Module not found: Error: Can't resolve '/Users/irmak/Desktop/simsoft/frontend/node_modules/css-loader/dist/cjs.js' in '/Users/irmak/Desktop/simsoft/frontend'

ERROR in ./src/index.js 6:0-21
Module not found: Error: Can't resolve '/Users/irmak/Desktop/simsoft/frontend/node_modules/css-loader/dist/cjs.js' in '/Users/irmak/Desktop/simsoft/frontend'

ERROR in ./node_modules/@pmmmwh/react-refresh-webpack-plugin/lib/runtime/RefreshUtils.js
Module build failed (from ./node_modules/source-map-loader/dist/cjs.js):
Error: ENOENT: no such file or directory, open '/Users/irmak/Desktop/simsoft/frontend/node_modules/@pmmmwh/react-refresh-webpack-plugin/lib/runtime/RefreshUtils.js'

ERROR in ./node_modules/react-dom/client.js
Module build failed (from ./node_modules/source-map-loader/dist/cjs.js):
Error: ENOENT: no such file or directory, open '/Users/irmak/Desktop/simsoft/frontend/node_modules/react-dom/client.js'

ERROR in ./node_modules/react-refresh/runtime.js
Module build failed (from ./node_modules/source-map-loader/dist/cjs.js):
Error: ENOENT: no such file or directory, open '/Users/irmak/Desktop/simsoft/frontend/node_modules/react-refresh/runtime.js'

ERROR in ./node_modules/sockjs-client/lib/entry.js
Module build failed (from ./node_modules/source-map-loader/dist/cjs.js):
Error: ENOENT: no such file or directory, open '/Users/irmak/Desktop/simsoft/frontend/node_modules/sockjs-client/lib/entry.js'

ERROR in Module not found: Error: Can't resolve '/Users/irmak/Desktop/simsoft/frontend/node_modules/@pmmmwh/react-refresh-webpack-plugin/client/ReactRefreshEntry.js' in '/Users/irmak/Desktop/simsoft/frontend'

ERROR in Module not found: Error: Can't resolve '/Users/irmak/Desktop/simsoft/frontend/node_modules/webpack-dev-server/client/index.js?protocol=ws%3A&hostname=0.0.0.0&port=3000&pathname=%2Fws&logging=none&overlay=%7B%22errors%22%3Atrue%2C%22warnings%22%3Afalse%7D&reconnect=10&hot=true&live-reload=true' in '/Users/irmak/Desktop/simsoft/frontend'

ERROR in Module not found: Error: Can't resolve '/Users/irmak/Desktop/simsoft/frontend/node_modules/webpack/hot/dev-server.js' in '/Users/irmak/Desktop/simsoft/frontend'

ERROR in Child compilation failed:
Module not found: Error: Can't resolve '/Users/irmak/Desktop/simsoft/frontend/node_modules/html-webpack-plugin/lib/loader.js' in '/Users/irmak/Desktop/simsoft/frontend'
ModuleNotFoundError: Module not found: Error: Can't resolve '/Users/irmak/Desktop/simsoft/frontend/node_modules/html-webpack-plugin/lib/loader.js' in '/Users/irmak/Desktop/simsoft/frontend'
    at /Users/irmak/Desktop/simsoft/frontend/node_modules/webpack/lib/Compilation.js:2246:28
    at /Users/irmak/Desktop/simsoft/frontend/node_modules/webpack/lib/NormalModuleFactory.js:949:13
    at eval (eval at create (/Users/irmak/Desktop/simsoft/frontend/node_modules/tapable/lib/HookCodeFactory.js:33:10), <anonymous>:10:1)
    at /Users/irmak/Desktop/simsoft/frontend/node_modules/webpack/lib/NormalModuleFactory.js:347:22
    at eval (eval at create (/Users/irmak/Desktop/simsoft/frontend/node_modules/tapable/lib/HookCodeFactory.js:33:10), <anonymous>:9:1)
    at /Users/irmak/Desktop/simsoft/frontend/node_modules/webpack/lib/NormalModuleFactory.js:532:22
    at /Users/irmak/Desktop/simsoft/frontend/node_modules/webpack/lib/NormalModuleFactory.js:163:10
    at /Users/irmak/Desktop/simsoft/frontend/node_modules/webpack/lib/NormalModuleFactory.js:769:23
    at /Users/irmak/Desktop/simsoft/frontend/node_modules/neo-async/async.js:2830:7
    at done (/Users/irmak/Desktop/simsoft/frontend/node_modules/neo-async/async.js:2925:13)
    at /Users/irmak/Desktop/simsoft/frontend/node_modules/webpack/lib/NormalModuleFactory.js:1218:23
    at finishWithoutResolve (/Users/irmak/Desktop/simsoft/frontend/node_modules/enhanced-resolve/lib/Resolver.js:570:11)
    at /Users/irmak/Desktop/simsoft/frontend/node_modules/enhanced-resolve/lib/Resolver.js:659:14
    at /Users/irmak/Desktop/simsoft/frontend/node_modules/enhanced-resolve/lib/Resolver.js:720:5
    at eval (eval at create (/Users/irmak/Desktop/simsoft/frontend/node_modules/tapable/lib/HookCodeFactory.js:33:10), <anonymous>:16:1)
    at /Users/irmak/Desktop/simsoft/frontend/node_modules/enhanced-resolve/lib/Resolver.js:720:5
    at eval (eval at create (/Users/irmak/Desktop/simsoft/frontend/node_modules/tapable/lib/HookCodeFactory.js:33:10), <anonymous>:27:1)
    at /Users/irmak/Desktop/simsoft/frontend/node_modules/enhanced-resolve/lib/DescriptionFilePlugin.js:89:43
    at /Users/irmak/Desktop/simsoft/frontend/node_modules/enhanced-resolve/lib/Resolver.js:720:5
    at eval (eval at create (/Users/irmak/Desktop/simsoft/frontend/node_modules/tapable/lib/HookCodeFactory.js:33:10), <anonymous>:15:1)
    at /Users/irmak/Desktop/simsoft/frontend/node_modules/enhanced-resolve/lib/Resolver.js:720:5
    at eval (eval at create (/Users/irmak/Desktop/simsoft/frontend/node_modules/tapable/lib/HookCodeFactory.js:33:10), <anonymous>:15:1)
    at /Users/irmak/Desktop/simsoft/frontend/node_modules/enhanced-resolve/lib/Resolver.js:720:5
    at eval (eval at create (/Users/irmak/Desktop/simsoft/frontend/node_modules/tapable/lib/HookCodeFactory.js:33:10), <anonymous>:16:1)
    at /Users/irmak/Desktop/simsoft/frontend/node_modules/enhanced-resolve/lib/Resolver.js:720:5
    at eval (eval at create (/Users/irmak/Desktop/simsoft/frontend/node_modules/tapable/lib/HookCodeFactory.js:33:10), <anonymous>:27:1)
    at /Users/irmak/Desktop/simsoft/frontend/node_modules/enhanced-resolve/lib/DescriptionFilePlugin.js:89:43
    at /Users/irmak/Desktop/simsoft/frontend/node_modules/enhanced-resolve/lib/Resolver.js:720:5
    at eval (eval at create (/Users/irmak/Desktop/simsoft/frontend/node_modules/tapable/lib/HookCodeFactory.js:33:10), <anonymous>:16:1)
    at /Users/irmak/Desktop/simsoft/frontend/node_modules/enhanced-resolve/lib/Resolver.js:720:5
    at eval (eval at create (/Users/irmak/Desktop/simsoft/frontend/node_modules/tapable/lib/HookCodeFactory.js:33:10), <anonymous>:15:1)
    at /Users/irmak/Desktop/simsoft/frontend/node_modules/enhanced-resolve/lib/DirectoryExistsPlugin.js:43:15
    at process.processTicksAndRejections (node:internal/process/task_queues:89:21)

webpack compiled with 11 errors
Failed to compile.

Module not found: Error: Can't resolve '/Users/irmak/Desktop/simsoft/frontend/node_modules/@pmmmwh/react-refresh-webpack-plugin/client/ReactRefreshEntry.js' in '/Users/irmak/Desktop/simsoft/frontend'
ERROR in Module not found: Error: Can't resolve '/Users/irmak/Desktop/simsoft/frontend/node_modules/@pmmmwh/react-refresh-webpack-plugin/client/ReactRefreshEntry.js' in '/Users/irmak/Desktop/simsoft/frontend'

ERROR in main
Module not found: Error: Can't resolve '/Users/irmak/Desktop/simsoft/frontend/node_modules/source-map-loader/dist/cjs.js' in '/Users/irmak/Desktop/simsoft/frontend'

ERROR in Module not found: Error: Can't resolve '/Users/irmak/Desktop/simsoft/frontend/node_modules/webpack-dev-server/client/index.js?protocol=ws%3A&hostname=0.0.0.0&port=3000&pathname=%2Fws&logging=none&overlay=%7B%22errors%22%3Atrue%2C%22warnings%22%3Afalse%7D&reconnect=10&hot=true&live-reload=true' in '/Users/irmak/Desktop/simsoft/frontend'

ERROR in Module not found: Error: Can't resolve '/Users/irmak/Desktop/simsoft/frontend/node_modules/webpack/hot/dev-server.js' in '/Users/irmak/Desktop/simsoft/frontend'

ERROR in Child compilation failed:
Module not found: Error: Can't resolve '/Users/irmak/Desktop/simsoft/frontend/node_modules/html-webpack-plugin/lib/loader.js' in '/Users/irmak/Desktop/simsoft/frontend'
ModuleNotFoundError: Module not found: Error: Can't resolve '/Users/irmak/Desktop/simsoft/frontend/node_modules/html-webpack-plugin/lib/loader.js' in '/Users/irmak/Desktop/simsoft/frontend'
    at /Users/irmak/Desktop/simsoft/frontend/node_modules/webpack/lib/Compilation.js:2246:28
    at /Users/irmak/Desktop/simsoft/frontend/node_modules/webpack/lib/NormalModuleFactory.js:949:13
    at eval (eval at create (/Users/irmak/Desktop/simsoft/frontend/node_modules/tapable/lib/HookCodeFactory.js:33:10), <anonymous>:10:1)
    at /Users/irmak/Desktop/simsoft/frontend/node_modules/webpack/lib/NormalModuleFactory.js:347:22
    at eval (eval at create (/Users/irmak/Desktop/simsoft/frontend/node_modules/tapable/lib/HookCodeFactory.js:33:10), <anonymous>:9:1)
    at /Users/irmak/Desktop/simsoft/frontend/node_modules/webpack/lib/NormalModuleFactory.js:532:22
    at /Users/irmak/Desktop/simsoft/frontend/node_modules/webpack/lib/NormalModuleFactory.js:163:10
    at /Users/irmak/Desktop/simsoft/frontend/node_modules/webpack/lib/NormalModuleFactory.js:769:23
    at /Users/irmak/Desktop/simsoft/frontend/node_modules/neo-async/async.js:2830:7
    at done (/Users/irmak/Desktop/simsoft/frontend/node_modules/neo-async/async.js:2925:13)
    at /Users/irmak/Desktop/simsoft/frontend/node_modules/webpack/lib/NormalModuleFactory.js:1218:23
    at finishWithoutResolve (/Users/irmak/Desktop/simsoft/frontend/node_modules/enhanced-resolve/lib/Resolver.js:570:11)
    at /Users/irmak/Desktop/simsoft/frontend/node_modules/enhanced-resolve/lib/Resolver.js:659:14
    at /Users/irmak/Desktop/simsoft/frontend/node_modules/enhanced-resolve/lib/Resolver.js:720:5
    at eval (eval at create (/Users/irmak/Desktop/simsoft/frontend/node_modules/tapable/lib/HookCodeFactory.js:33:10), <anonymous>:16:1)
    at /Users/irmak/Desktop/simsoft/frontend/node_modules/enhanced-resolve/lib/Resolver.js:720:5
    at eval (eval at create (/Users/irmak/Desktop/simsoft/frontend/node_modules/tapable/lib/HookCodeFactory.js:33:10), <anonymous>:27:1)
    at /Users/irmak/Desktop/simsoft/frontend/node_modules/enhanced-resolve/lib/DescriptionFilePlugin.js:89:43
    at /Users/irmak/Desktop/simsoft/frontend/node_modules/enhanced-resolve/lib/Resolver.js:720:5
    at eval (eval at create (/Users/irmak/Desktop/simsoft/frontend/node_modules/tapable/lib/HookCodeFactory.js:33:10), <anonymous>:15:1)
    at /Users/irmak/Desktop/simsoft/frontend/node_modules/enhanced-resolve/lib/Resolver.js:720:5
    at eval (eval at create (/Users/irmak/Desktop/simsoft/frontend/node_modules/tapable/lib/HookCodeFactory.js:33:10), <anonymous>:15:1)
    at /Users/irmak/Desktop/simsoft/frontend/node_modules/enhanced-resolve/lib/Resolver.js:720:5
    at eval (eval at create (/Users/irmak/Desktop/simsoft/frontend/node_modules/tapable/lib/HookCodeFactory.js:33:10), <anonymous>:16:1)
    at /Users/irmak/Desktop/simsoft/frontend/node_modules/enhanced-resolve/lib/Resolver.js:720:5
    at eval (eval at create (/Users/irmak/Desktop/simsoft/frontend/node_modules/tapable/lib/HookCodeFactory.js:33:10), <anonymous>:27:1)
    at /Users/irmak/Desktop/simsoft/frontend/node_modules/enhanced-resolve/lib/DescriptionFilePlugin.js:89:43
    at /Users/irmak/Desktop/simsoft/frontend/node_modules/enhanced-resolve/lib/Resolver.js:720:5
    at eval (eval at create (/Users/irmak/Desktop/simsoft/frontend/node_modules/tapable/lib/HookCodeFactory.js:33:10), <anonymous>:16:1)
    at /Users/irmak/Desktop/simsoft/frontend/node_modules/enhanced-resolve/lib/Resolver.js:720:5
    at eval (eval at create (/Users/irmak/Desktop/simsoft/frontend/node_modules/tapable/lib/HookCodeFactory.js:33:10), <anonymous>:15:1)
    at /Users/irmak/Desktop/simsoft/frontend/node_modules/enhanced-resolve/lib/DirectoryExistsPlugin.js:43:15
    at process.processTicksAndRejections (node:internal/process/task_queues:89:21)

webpack compiled with 5 errors
Failed to compile.

Module not found: Error: Can't resolve '/Users/irmak/Desktop/simsoft/frontend/node_modules/@pmmmwh/react-refresh-webpack-plugin/client/ReactRefreshEntry.js' in '/Users/irmak/Desktop/simsoft/frontend'
ERROR in Module not found: Error: Can't resolve '/Users/irmak/Desktop/simsoft/frontend/node_modules/@pmmmwh/react-refresh-webpack-plugin/client/ReactRefreshEntry.js' in '/Users/irmak/Desktop/simsoft/frontend'

ERROR in main
Module not found: Error: Can't resolve '/Users/irmak/Desktop/simsoft/frontend/node_modules/source-map-loader/dist/cjs.js' in '/Users/irmak/Desktop/simsoft/frontend'

ERROR in Module not found: Error: Can't resolve '/Users/irmak/Desktop/simsoft/frontend/node_modules/webpack-dev-server/client/index.js?protocol=ws%3A&hostname=0.0.0.0&port=3000&pathname=%2Fws&logging=none&overlay=%7B%22errors%22%3Atrue%2C%22warnings%22%3Afalse%7D&reconnect=10&hot=true&live-reload=true' in '/Users/irmak/Desktop/simsoft/frontend'

ERROR in Module not found: Error: Can't resolve '/Users/irmak/Desktop/simsoft/frontend/node_modules/webpack/hot/dev-server.js' in '/Users/irmak/Desktop/simsoft/frontend'

ERROR in Child compilation failed:
Module not found: Error: Can't resolve '/Users/irmak/Desktop/simsoft/frontend/node_modules/html-webpack-plugin/lib/loader.js' in '/Users/irmak/Desktop/simsoft/frontend'
ModuleNotFoundError: Module not found: Error: Can't resolve '/Users/irmak/Desktop/simsoft/frontend/node_modules/html-webpack-plugin/lib/loader.js' in '/Users/irmak/Desktop/simsoft/frontend'
    at /Users/irmak/Desktop/simsoft/frontend/node_modules/webpack/lib/Compilation.js:2246:28
    at /Users/irmak/Desktop/simsoft/frontend/node_modules/webpack/lib/NormalModuleFactory.js:949:13
    at eval (eval at create (/Users/irmak/Desktop/simsoft/frontend/node_modules/tapable/lib/HookCodeFactory.js:33:10), <anonymous>:10:1)
    at /Users/irmak/Desktop/simsoft/frontend/node_modules/webpack/lib/NormalModuleFactory.js:347:22
    at eval (eval at create (/Users/irmak/Desktop/simsoft/frontend/node_modules/tapable/lib/HookCodeFactory.js:33:10), <anonymous>:9:1)
    at /Users/irmak/Desktop/simsoft/frontend/node_modules/webpack/lib/NormalModuleFactory.js:532:22
    at /Users/irmak/Desktop/simsoft/frontend/node_modules/webpack/lib/NormalModuleFactory.js:163:10
    at /Users/irmak/Desktop/simsoft/frontend/node_modules/webpack/lib/NormalModuleFactory.js:769:23
    at /Users/irmak/Desktop/simsoft/frontend/node_modules/neo-async/async.js:2830:7
    at done (/Users/irmak/Desktop/simsoft/frontend/node_modules/neo-async/async.js:2925:13)
    at /Users/irmak/Desktop/simsoft/frontend/node_modules/webpack/lib/NormalModuleFactory.js:1218:23
    at finishWithoutResolve (/Users/irmak/Desktop/simsoft/frontend/node_modules/enhanced-resolve/lib/Resolver.js:570:11)
    at /Users/irmak/Desktop/simsoft/frontend/node_modules/enhanced-resolve/lib/Resolver.js:659:14
    at /Users/irmak/Desktop/simsoft/frontend/node_modules/enhanced-resolve/lib/Resolver.js:720:5
    at eval (eval at create (/Users/irmak/Desktop/simsoft/frontend/node_modules/tapable/lib/HookCodeFactory.js:33:10), <anonymous>:16:1)
    at /Users/irmak/Desktop/simsoft/frontend/node_modules/enhanced-resolve/lib/Resolver.js:720:5
    at eval (eval at create (/Users/irmak/Desktop/simsoft/frontend/node_modules/tapable/lib/HookCodeFactory.js:33:10), <anonymous>:27:1)
    at /Users/irmak/Desktop/simsoft/frontend/node_modules/enhanced-resolve/lib/DescriptionFilePlugin.js:89:43
    at /Users/irmak/Desktop/simsoft/frontend/node_modules/enhanced-resolve/lib/Resolver.js:720:5
    at eval (eval at create (/Users/irmak/Desktop/simsoft/frontend/node_modules/tapable/lib/HookCodeFactory.js:33:10), <anonymous>:15:1)
    at /Users/irmak/Desktop/simsoft/frontend/node_modules/enhanced-resolve/lib/Resolver.js:720:5
    at eval (eval at create (/Users/irmak/Desktop/simsoft/frontend/node_modules/tapable/lib/HookCodeFactory.js:33:10), <anonymous>:15:1)
    at /Users/irmak/Desktop/simsoft/frontend/node_modules/enhanced-resolve/lib/Resolver.js:720:5
    at eval (eval at create (/Users/irmak/Desktop/simsoft/frontend/node_modules/tapable/lib/HookCodeFactory.js:33:10), <anonymous>:16:1)
    at /Users/irmak/Desktop/simsoft/frontend/node_modules/enhanced-resolve/lib/Resolver.js:720:5
    at eval (eval at create (/Users/irmak/Desktop/simsoft/frontend/node_modules/tapable/lib/HookCodeFactory.js:33:10), <anonymous>:27:1)
    at /Users/irmak/Desktop/simsoft/frontend/node_modules/enhanced-resolve/lib/DescriptionFilePlugin.js:89:43
    at /Users/irmak/Desktop/simsoft/frontend/node_modules/enhanced-resolve/lib/Resolver.js:720:5
    at eval (eval at create (/Users/irmak/Desktop/simsoft/frontend/node_modules/tapable/lib/HookCodeFactory.js:33:10), <anonymous>:16:1)
    at /Users/irmak/Desktop/simsoft/frontend/node_modules/enhanced-resolve/lib/Resolver.js:720:5
    at eval (eval at create (/Users/irmak/Desktop/simsoft/frontend/node_modules/tapable/lib/HookCodeFactory.js:33:10), <anonymous>:15:1)
    at /Users/irmak/Desktop/simsoft/frontend/node_modules/enhanced-resolve/lib/DirectoryExistsPlugin.js:43:15
    at process.processTicksAndRejections (node:internal/process/task_queues:89:21)

webpack compiled with 5 errors
