[INFO] Scanning for projects...
[INFO] 
[INFO] -------------------------< com.nazli:simsoft >--------------------------
[INFO] Building simsoft 0.0.1-SNAPSHOT
[INFO]   from pom.xml
[INFO] --------------------------------[ jar ]---------------------------------
[INFO] 
[INFO] >>> spring-boot:3.5.4:run (default-cli) > test-compile @ simsoft >>>
[INFO] 
[INFO] --- resources:3.3.1:resources (default-resources) @ simsoft ---
[INFO] Copying 1 resource from src/main/resources to target/classes
[INFO] Copying 2 resources from src/main/resources to target/classes
[INFO] 
[INFO] --- compiler:3.14.0:compile (default-compile) @ simsoft ---
[INFO] Recompiling the module because of changed source code.
[INFO] Compiling 8 source files with javac [debug parameters release 17] to target/classes
[INFO] 
[INFO] --- resources:3.3.1:testResources (default-testResources) @ simsoft ---
[INFO] skip non existing resourceDirectory /Users/irmak/Desktop/simsoft/src/test/resources
[INFO] 
[INFO] --- compiler:3.14.0:testCompile (default-testCompile) @ simsoft ---
[INFO] Recompiling the module because of changed dependency.
[INFO] Compiling 1 source file with javac [debug parameters release 17] to target/test-classes
[INFO] 
[INFO] <<< spring-boot:3.5.4:run (default-cli) < test-compile @ simsoft <<<
[INFO] 
[INFO] 
[INFO] --- spring-boot:3.5.4:run (default-cli) @ simsoft ---
[INFO] Attaching agents: []

  .   ____          _            __ _ _
 /\\ / ___'_ __ _ _(_)_ __  __ _ \ \ \ \
( ( )\___ | '_ | '_| | '_ \/ _` | \ \ \ \
 \\/  ___)| |_)| | | | | || (_| |  ) ) ) )
  '  |____| .__|_| |_|_| |_\__, | / / / /
 =========|_|==============|___/=/_/_/_/

 :: Spring Boot ::                (v3.5.4)

2025-08-05T11:45:46.741+03:00  INFO 16790 --- [simsoft] [  restartedMain] com.nazli.simsoft.SimsoftApplication     : Starting SimsoftApplication using Java 23.0.1 with PID 16790 (/Users/irmak/Desktop/simsoft/target/classes started by irmak in /Users/irmak/Desktop/simsoft)
2025-08-05T11:45:46.742+03:00  INFO 16790 --- [simsoft] [  restartedMain] com.nazli.simsoft.SimsoftApplication     : No active profile set, falling back to 1 default profile: "default"
2025-08-05T11:45:46.767+03:00  INFO 16790 --- [simsoft] [  restartedMain] .e.DevToolsPropertyDefaultsPostProcessor : Devtools property defaults active! Set 'spring.devtools.add-properties' to 'false' to disable
2025-08-05T11:45:46.768+03:00  INFO 16790 --- [simsoft] [  restartedMain] .e.DevToolsPropertyDefaultsPostProcessor : For additional web related logging consider setting the 'logging.level.web' property to 'DEBUG'
2025-08-05T11:45:47.040+03:00  INFO 16790 --- [simsoft] [  restartedMain] .s.d.r.c.RepositoryConfigurationDelegate : Bootstrapping Spring Data JPA repositories in DEFAULT mode.
2025-08-05T11:45:47.048+03:00  INFO 16790 --- [simsoft] [  restartedMain] .s.d.r.c.RepositoryConfigurationDelegate : Finished Spring Data repository scanning in 5 ms. Found 0 JPA repository interfaces.
2025-08-05T11:45:47.266+03:00  INFO 16790 --- [simsoft] [  restartedMain] o.s.b.w.embedded.tomcat.TomcatWebServer  : Tomcat initialized with port 8080 (http)
2025-08-05T11:45:47.275+03:00  INFO 16790 --- [simsoft] [  restartedMain] o.apache.catalina.core.StandardService   : Starting service [Tomcat]
2025-08-05T11:45:47.275+03:00  INFO 16790 --- [simsoft] [  restartedMain] o.apache.catalina.core.StandardEngine    : Starting Servlet engine: [Apache Tomcat/10.1.43]
2025-08-05T11:45:47.290+03:00  INFO 16790 --- [simsoft] [  restartedMain] o.a.c.c.C.[Tomcat].[localhost].[/]       : Initializing Spring embedded WebApplicationContext
2025-08-05T11:45:47.290+03:00  INFO 16790 --- [simsoft] [  restartedMain] w.s.c.ServletWebServerApplicationContext : Root WebApplicationContext: initialization completed in 522 ms
2025-08-05T11:45:47.344+03:00  INFO 16790 --- [simsoft] [  restartedMain] com.zaxxer.hikari.HikariDataSource       : HikariPool-1 - Starting...
2025-08-05T11:45:47.420+03:00  INFO 16790 --- [simsoft] [  restartedMain] com.zaxxer.hikari.pool.HikariPool        : HikariPool-1 - Added connection conn0: url=jdbc:h2:mem:7345b53f-e81e-4d0b-b1e7-4939e899df17 user=SA
2025-08-05T11:45:47.420+03:00  INFO 16790 --- [simsoft] [  restartedMain] com.zaxxer.hikari.HikariDataSource       : HikariPool-1 - Start completed.
2025-08-05T11:45:47.439+03:00  INFO 16790 --- [simsoft] [  restartedMain] o.hibernate.jpa.internal.util.LogHelper  : HHH000204: Processing PersistenceUnitInfo [name: default]
2025-08-05T11:45:47.463+03:00  INFO 16790 --- [simsoft] [  restartedMain] org.hibernate.Version                    : HHH000412: Hibernate ORM core version 6.6.22.Final
2025-08-05T11:45:47.477+03:00  INFO 16790 --- [simsoft] [  restartedMain] o.h.c.internal.RegionFactoryInitiator    : HHH000026: Second-level cache disabled
2025-08-05T11:45:47.605+03:00  INFO 16790 --- [simsoft] [  restartedMain] o.s.o.j.p.SpringPersistenceUnitInfo      : No LoadTimeWeaver setup: ignoring JPA class transformer
2025-08-05T11:45:47.637+03:00  INFO 16790 --- [simsoft] [  restartedMain] org.hibernate.orm.connections.pooling    : HHH10001005: Database info:
	Database JDBC URL [Connecting through datasource 'HikariDataSource (HikariPool-1)']
	Database driver: undefined/unknown
	Database version: 2.3.232
	Autocommit mode: undefined/unknown
	Isolation level: undefined/unknown
	Minimum pool size: undefined/unknown
	Maximum pool size: undefined/unknown
2025-08-05T11:45:47.765+03:00  INFO 16790 --- [simsoft] [  restartedMain] o.h.e.t.j.p.i.JtaPlatformInitiator       : HHH000489: No JTA platform available (set 'hibernate.transaction.jta.platform' to enable JTA platform integration)
2025-08-05T11:45:47.767+03:00  INFO 16790 --- [simsoft] [  restartedMain] j.LocalContainerEntityManagerFactoryBean : Initialized JPA EntityManagerFactory for persistence unit 'default'
2025-08-05T11:45:47.843+03:00  WARN 16790 --- [simsoft] [  restartedMain] JpaBaseConfiguration$JpaWebConfiguration : spring.jpa.open-in-view is enabled by default. Therefore, database queries may be performed during view rendering. Explicitly configure spring.jpa.open-in-view to disable this warning
2025-08-05T11:45:47.873+03:00  INFO 16790 --- [simsoft] [  restartedMain] o.s.b.a.w.s.WelcomePageHandlerMapping    : Adding welcome page: class path resource [static/index.html]
2025-08-05T11:45:47.952+03:00  INFO 16790 --- [simsoft] [  restartedMain] o.s.b.a.h2.H2ConsoleAutoConfiguration    : H2 console available at '/h2-console'. Database available at 'jdbc:h2:mem:7345b53f-e81e-4d0b-b1e7-4939e899df17'
2025-08-05T11:45:47.982+03:00  INFO 16790 --- [simsoft] [  restartedMain] o.s.b.d.a.OptionalLiveReloadServer       : LiveReload server is running on port 35729
2025-08-05T11:45:47.989+03:00  INFO 16790 --- [simsoft] [  restartedMain] o.s.m.s.b.SimpleBrokerMessageHandler     : Starting...
2025-08-05T11:45:47.990+03:00  INFO 16790 --- [simsoft] [  restartedMain] o.s.m.s.b.SimpleBrokerMessageHandler     : BrokerAvailabilityEvent[available=true, SimpleBrokerMessageHandler [org.springframework.messaging.simp.broker.DefaultSubscriptionRegistry@3da654ee]]
2025-08-05T11:45:47.990+03:00  INFO 16790 --- [simsoft] [  restartedMain] o.s.m.s.b.SimpleBrokerMessageHandler     : Started.
2025-08-05T11:45:47.996+03:00  INFO 16790 --- [simsoft] [  restartedMain] o.s.b.w.embedded.tomcat.TomcatWebServer  : Tomcat started on port 8080 (http) with context path '/'
2025-08-05T11:45:48.001+03:00  INFO 16790 --- [simsoft] [  restartedMain] com.nazli.simsoft.SimsoftApplication     : Started SimsoftApplication in 1.426 seconds (process running for 1.608)
2025-08-05T11:46:21.730+03:00  INFO 16790 --- [simsoft] [nio-8080-exec-1] o.a.c.c.C.[Tomcat].[localhost].[/]       : Initializing Spring DispatcherServlet 'dispatcherServlet'
2025-08-05T11:46:21.730+03:00  INFO 16790 --- [simsoft] [nio-8080-exec-1] o.s.web.servlet.DispatcherServlet        : Initializing Servlet 'dispatcherServlet'
2025-08-05T11:46:21.733+03:00  INFO 16790 --- [simsoft] [nio-8080-exec-1] o.s.web.servlet.DispatcherServlet        : Completed initialization in 3 ms
2025-08-05T11:46:47.997+03:00  INFO 16790 --- [simsoft] [MessageBroker-3] o.s.w.s.c.WebSocketMessageBrokerStats    : WebSocketSession[0 current WS(0)-HttpStream(0)-HttpPoll(0), 0 total, 0 closed abnormally (0 connect failure, 0 send limit, 0 transport error)], stompSubProtocol[processed CONNECT(0)-CONNECTED(0)-DISCONNECT(0)], stompBrokerRelay[null], inboundChannel[pool size = 0, active threads = 0, queued tasks = 0, completed tasks = 0], outboundChannel[pool size = 0, active threads = 0, queued tasks = 0, completed tasks = 0], sockJsScheduler[pool size = 8, active threads = 1, queued tasks = 1, completed tasks = 3750]
2025-08-05T11:47:30.839+03:00  INFO 16790 --- [simsoft] [ionShutdownHook] o.s.b.w.e.tomcat.GracefulShutdown        : Commencing graceful shutdown. Waiting for active requests to complete
2025-08-05T11:47:30.847+03:00  INFO 16790 --- [simsoft] [tomcat-shutdown] o.s.b.w.e.tomcat.GracefulShutdown        : Graceful shutdown complete
2025-08-05T11:47:30.849+03:00  INFO 16790 --- [simsoft] [ionShutdownHook] o.s.m.s.b.SimpleBrokerMessageHandler     : Stopping...
2025-08-05T11:47:30.849+03:00  INFO 16790 --- [simsoft] [ionShutdownHook] o.s.m.s.b.SimpleBrokerMessageHandler     : BrokerAvailabilityEvent[available=false, SimpleBrokerMessageHandler [org.springframework.messaging.simp.broker.DefaultSubscriptionRegistry@3da654ee]]
2025-08-05T11:47:30.849+03:00  INFO 16790 --- [simsoft] [ionShutdownHook] o.s.m.s.b.SimpleBrokerMessageHandler     : Stopped.
2025-08-05T11:47:30.851+03:00  INFO 16790 --- [simsoft] [ionShutdownHook] j.LocalContainerEntityManagerFactoryBean : Closing JPA EntityManagerFactory for persistence unit 'default'
2025-08-05T11:47:30.857+03:00  WARN 16790 --- [simsoft] [ionShutdownHook] o.s.b.f.support.DisposableBeanAdapter    : Invocation of destroy method failed on bean with name 'inMemoryDatabaseShutdownExecutor': org.h2.jdbc.JdbcSQLNonTransientConnectionException: Database is already closed (to disable automatic closing at VM shutdown, add ";DB_CLOSE_ON_EXIT=FALSE" to the db URL) [90121-232]
2025-08-05T11:47:30.858+03:00  INFO 16790 --- [simsoft] [ionShutdownHook] com.zaxxer.hikari.HikariDataSource       : HikariPool-1 - Shutdown initiated...
2025-08-05T11:47:30.859+03:00  INFO 16790 --- [simsoft] [ionShutdownHook] com.zaxxer.hikari.HikariDataSource       : HikariPool-1 - Shutdown completed.
