[INFO] Scanning for projects...
[INFO] 
[INFO] -------------------------< com.nazli:simsoft >--------------------------
[INFO] Building simsoft 0.0.1-SNAPSHOT
[INFO]   from pom.xml
[INFO] --------------------------------[ jar ]---------------------------------
[INFO] 
[INFO] >>> spring-boot:3.5.4:run (default-cli) > test-compile @ simsoft >>>
[INFO] 
[INFO] --- resources:3.3.1:resources (default-resources) @ simsoft ---
[INFO] Copying 1 resource from src/main/resources to target/classes
[INFO] Copying 5 resources from src/main/resources to target/classes
[INFO] 
[INFO] --- compiler:3.14.0:compile (default-compile) @ simsoft ---
[INFO] Nothing to compile - all classes are up to date.
[INFO] 
[INFO] --- resources:3.3.1:testResources (default-testResources) @ simsoft ---
[INFO] skip non existing resourceDirectory /Users/irmak/Desktop/simsoft/src/test/resources
[INFO] 
[INFO] --- compiler:3.14.0:testCompile (default-testCompile) @ simsoft ---
[INFO] Nothing to compile - all classes are up to date.
[INFO] 
[INFO] <<< spring-boot:3.5.4:run (default-cli) < test-compile @ simsoft <<<
[INFO] 
[INFO] 
[INFO] --- spring-boot:3.5.4:run (default-cli) @ simsoft ---
[INFO] Attaching agents: []

  .   ____          _            __ _ _
 /\\ / ___'_ __ _ _(_)_ __  __ _ \ \ \ \
( ( )\___ | '_ | '_| | '_ \/ _` | \ \ \ \
 \\/  ___)| |_)| | | | | || (_| |  ) ) ) )
  '  |____| .__|_| |_|_| |_\__, | / / / /
 =========|_|==============|___/=/_/_/_/

 :: Spring Boot ::                (v3.5.4)

2025-08-05T15:24:29.922+03:00  INFO 31799 --- [simsoft] [  restartedMain] com.nazli.simsoft.SimsoftApplication     : Starting SimsoftApplication using Java 23.0.1 with PID 31799 (/Users/irmak/Desktop/simsoft/target/classes started by irmak in /Users/irmak/Desktop/simsoft)
2025-08-05T15:24:29.923+03:00  INFO 31799 --- [simsoft] [  restartedMain] com.nazli.simsoft.SimsoftApplication     : No active profile set, falling back to 1 default profile: "default"
2025-08-05T15:24:29.948+03:00  INFO 31799 --- [simsoft] [  restartedMain] .e.DevToolsPropertyDefaultsPostProcessor : Devtools property defaults active! Set 'spring.devtools.add-properties' to 'false' to disable
2025-08-05T15:24:29.948+03:00  INFO 31799 --- [simsoft] [  restartedMain] .e.DevToolsPropertyDefaultsPostProcessor : For additional web related logging consider setting the 'logging.level.web' property to 'DEBUG'
2025-08-05T15:24:30.205+03:00  INFO 31799 --- [simsoft] [  restartedMain] .s.d.r.c.RepositoryConfigurationDelegate : Bootstrapping Spring Data JPA repositories in DEFAULT mode.
2025-08-05T15:24:30.213+03:00  INFO 31799 --- [simsoft] [  restartedMain] .s.d.r.c.RepositoryConfigurationDelegate : Finished Spring Data repository scanning in 5 ms. Found 0 JPA repository interfaces.
2025-08-05T15:24:30.423+03:00  INFO 31799 --- [simsoft] [  restartedMain] o.s.b.w.embedded.tomcat.TomcatWebServer  : Tomcat initialized with port 8080 (http)
2025-08-05T15:24:30.431+03:00  INFO 31799 --- [simsoft] [  restartedMain] o.apache.catalina.core.StandardService   : Starting service [Tomcat]
2025-08-05T15:24:30.431+03:00  INFO 31799 --- [simsoft] [  restartedMain] o.apache.catalina.core.StandardEngine    : Starting Servlet engine: [Apache Tomcat/10.1.43]
2025-08-05T15:24:30.446+03:00  INFO 31799 --- [simsoft] [  restartedMain] o.a.c.c.C.[Tomcat].[localhost].[/]       : Initializing Spring embedded WebApplicationContext
2025-08-05T15:24:30.446+03:00  INFO 31799 --- [simsoft] [  restartedMain] w.s.c.ServletWebServerApplicationContext : Root WebApplicationContext: initialization completed in 498 ms
2025-08-05T15:24:30.498+03:00  INFO 31799 --- [simsoft] [  restartedMain] com.zaxxer.hikari.HikariDataSource       : HikariPool-1 - Starting...
2025-08-05T15:24:30.573+03:00  INFO 31799 --- [simsoft] [  restartedMain] com.zaxxer.hikari.pool.HikariPool        : HikariPool-1 - Added connection conn0: url=jdbc:h2:mem:daf014f6-6cdf-4f25-b369-6a5530e7f846 user=SA
2025-08-05T15:24:30.573+03:00  INFO 31799 --- [simsoft] [  restartedMain] com.zaxxer.hikari.HikariDataSource       : HikariPool-1 - Start completed.
2025-08-05T15:24:30.592+03:00  INFO 31799 --- [simsoft] [  restartedMain] o.hibernate.jpa.internal.util.LogHelper  : HHH000204: Processing PersistenceUnitInfo [name: default]
2025-08-05T15:24:30.616+03:00  INFO 31799 --- [simsoft] [  restartedMain] org.hibernate.Version                    : HHH000412: Hibernate ORM core version 6.6.22.Final
2025-08-05T15:24:30.630+03:00  INFO 31799 --- [simsoft] [  restartedMain] o.h.c.internal.RegionFactoryInitiator    : HHH000026: Second-level cache disabled
2025-08-05T15:24:30.743+03:00  INFO 31799 --- [simsoft] [  restartedMain] o.s.o.j.p.SpringPersistenceUnitInfo      : No LoadTimeWeaver setup: ignoring JPA class transformer
2025-08-05T15:24:30.774+03:00  INFO 31799 --- [simsoft] [  restartedMain] org.hibernate.orm.connections.pooling    : HHH10001005: Database info:
	Database JDBC URL [Connecting through datasource 'HikariDataSource (HikariPool-1)']
	Database driver: undefined/unknown
	Database version: 2.3.232
	Autocommit mode: undefined/unknown
	Isolation level: undefined/unknown
	Minimum pool size: undefined/unknown
	Maximum pool size: undefined/unknown
2025-08-05T15:24:30.904+03:00  INFO 31799 --- [simsoft] [  restartedMain] o.h.e.t.j.p.i.JtaPlatformInitiator       : HHH000489: No JTA platform available (set 'hibernate.transaction.jta.platform' to enable JTA platform integration)
2025-08-05T15:24:30.906+03:00  INFO 31799 --- [simsoft] [  restartedMain] j.LocalContainerEntityManagerFactoryBean : Initialized JPA EntityManagerFactory for persistence unit 'default'
2025-08-05T15:24:30.983+03:00  WARN 31799 --- [simsoft] [  restartedMain] JpaBaseConfiguration$JpaWebConfiguration : spring.jpa.open-in-view is enabled by default. Therefore, database queries may be performed during view rendering. Explicitly configure spring.jpa.open-in-view to disable this warning
2025-08-05T15:24:31.013+03:00  INFO 31799 --- [simsoft] [  restartedMain] o.s.b.a.w.s.WelcomePageHandlerMapping    : Adding welcome page: class path resource [static/index.html]
2025-08-05T15:24:31.090+03:00  INFO 31799 --- [simsoft] [  restartedMain] o.s.b.a.h2.H2ConsoleAutoConfiguration    : H2 console available at '/h2-console'. Database available at 'jdbc:h2:mem:daf014f6-6cdf-4f25-b369-6a5530e7f846'
2025-08-05T15:24:31.119+03:00  WARN 31799 --- [simsoft] [  restartedMain] o.s.b.d.a.OptionalLiveReloadServer       : Unable to start LiveReload server
2025-08-05T15:24:31.125+03:00  INFO 31799 --- [simsoft] [  restartedMain] o.s.m.s.b.SimpleBrokerMessageHandler     : Starting...
2025-08-05T15:24:31.125+03:00  INFO 31799 --- [simsoft] [  restartedMain] o.s.m.s.b.SimpleBrokerMessageHandler     : BrokerAvailabilityEvent[available=true, SimpleBrokerMessageHandler [org.springframework.messaging.simp.broker.DefaultSubscriptionRegistry@bc86dfb]]
2025-08-05T15:24:31.126+03:00  INFO 31799 --- [simsoft] [  restartedMain] o.s.m.s.b.SimpleBrokerMessageHandler     : Started.
2025-08-05T15:24:31.133+03:00  INFO 31799 --- [simsoft] [  restartedMain] o.s.b.w.embedded.tomcat.TomcatWebServer  : Tomcat started on port 8080 (http) with context path '/'
2025-08-05T15:24:31.137+03:00  INFO 31799 --- [simsoft] [  restartedMain] com.nazli.simsoft.SimsoftApplication     : Started SimsoftApplication in 1.37 seconds (process running for 1.552)
2025-08-05T15:25:05.542+03:00  INFO 31799 --- [simsoft] [nio-8080-exec-1] o.a.c.c.C.[Tomcat].[localhost].[/]       : Initializing Spring DispatcherServlet 'dispatcherServlet'
2025-08-05T15:25:05.543+03:00  INFO 31799 --- [simsoft] [nio-8080-exec-1] o.s.web.servlet.DispatcherServlet        : Initializing Servlet 'dispatcherServlet'
2025-08-05T15:25:05.543+03:00  INFO 31799 --- [simsoft] [nio-8080-exec-1] o.s.web.servlet.DispatcherServlet        : Completed initialization in 0 ms
2025-08-05T15:25:31.130+03:00  INFO 31799 --- [simsoft] [MessageBroker-8] o.s.w.s.c.WebSocketMessageBrokerStats    : WebSocketSession[6 current WS(0)-HttpStream(3)-HttpPoll(3), 6 total, 0 closed abnormally (0 connect failure, 0 send limit, 0 transport error)], stompSubProtocol[processed CONNECT(2)-CONNECTED(2)-DISCONNECT(0)], stompBrokerRelay[null], inboundChannel[pool size = 16, active threads = 0, queued tasks = 0, completed tasks = 18], outboundChannel[pool size = 16, active threads = 0, queued tasks = 0, completed tasks = 645], sockJsScheduler[pool size = 8, active threads = 1, queued tasks = 7, completed tasks = 3753]
2025-08-05T15:27:55.865+03:00  INFO 31799 --- [simsoft] [nio-8080-exec-4] o.s.w.s.m.SubProtocolWebSocketHandler    : No messages received after 126437 ms. Closing XhrStreamingSockJsSession[id=txyijhvk].
2025-08-05T15:27:55.866+03:00  INFO 31799 --- [simsoft] [nio-8080-exec-4] o.s.w.s.m.SubProtocolWebSocketHandler    : No messages received after 126437 ms. Closing XhrStreamingSockJsSession[id=eshwz1gc].
2025-08-05T15:27:55.867+03:00  INFO 31799 --- [simsoft] [nio-8080-exec-4] o.s.w.s.m.SubProtocolWebSocketHandler    : No messages received after 156811 ms. Closing XhrStreamingSockJsSession[id=evptfsr2].
2025-08-05T15:27:55.868+03:00  INFO 31799 --- [simsoft] [nio-8080-exec-4] o.s.w.s.m.SubProtocolWebSocketHandler    : No messages received after 156811 ms. Closing XhrStreamingSockJsSession[id=vlqzd2fa].
2025-08-05T15:27:55.871+03:00  INFO 31799 --- [simsoft] [nio-8080-exec-4] o.s.w.s.m.SubProtocolWebSocketHandler    : No messages received after 156811 ms. Closing XhrStreamingSockJsSession[id=0eva0fr4].
2025-08-05T15:27:55.871+03:00  INFO 31799 --- [simsoft] [nio-8080-exec-4] o.s.w.s.m.SubProtocolWebSocketHandler    : No messages received after 126437 ms. Closing XhrStreamingSockJsSession[id=3qmdol2n].
2025-08-05T15:53:25.897+03:00  WARN 31799 --- [simsoft] [l-1:housekeeper] com.zaxxer.hikari.pool.HikariPool        : HikariPool-1 - Thread starvation or clock leap detected (housekeeper delta=54s901ms).
2025-08-05T15:56:46.352+03:00  WARN 31799 --- [simsoft] [l-1:housekeeper] com.zaxxer.hikari.pool.HikariPool        : HikariPool-1 - Thread starvation or clock leap detected (housekeeper delta=3m20s456ms).
2025-08-05T15:58:46.552+03:00  INFO 31799 --- [simsoft] [MessageBroker-8] o.s.w.s.c.WebSocketMessageBrokerStats    : WebSocketSession[0 current WS(0)-HttpStream(0)-HttpPoll(0), 14 total, 6 closed abnormally (6 connect failure, 0 send limit, 1 transport error)], stompSubProtocol[processed CONNECT(6)-CONNECTED(6)-DISCONNECT(0)], stompBrokerRelay[null], inboundChannel[pool size = 0, active threads = 0, queued tasks = 0, completed tasks = 111], outboundChannel[pool size = 0, active threads = 0, queued tasks = 0, completed tasks = 92269], sockJsScheduler[pool size = 8, active threads = 1, queued tasks = 2, completed tasks = 116776]
2025-08-05T16:28:46.590+03:00  INFO 31799 --- [simsoft] [MessageBroker-2] o.s.w.s.c.WebSocketMessageBrokerStats    : WebSocketSession[0 current WS(0)-HttpStream(0)-HttpPoll(0), 14 total, 6 closed abnormally (6 connect failure, 0 send limit, 1 transport error)], stompSubProtocol[processed CONNECT(6)-CONNECTED(6)-DISCONNECT(0)], stompBrokerRelay[null], inboundChannel[pool size = 0, active threads = 0, queued tasks = 0, completed tasks = 111], outboundChannel[pool size = 0, active threads = 0, queued tasks = 0, completed tasks = 92269], sockJsScheduler[pool size = 8, active threads = 1, queued tasks = 2, completed tasks = 229638]
2025-08-05T16:35:31.504+03:00  WARN 31799 --- [simsoft] [l-1:housekeeper] com.zaxxer.hikari.pool.HikariPool        : HikariPool-1 - Thread starvation or clock leap detected (housekeeper delta=2m44s801ms).
2025-08-05T17:01:01.340+03:00  INFO 31799 --- [simsoft] [MessageBroker-1] o.s.w.s.c.WebSocketMessageBrokerStats    : WebSocketSession[0 current WS(0)-HttpStream(0)-HttpPoll(0), 14 total, 6 closed abnormally (6 connect failure, 0 send limit, 1 transport error)], stompSubProtocol[processed CONNECT(6)-CONNECTED(6)-DISCONNECT(0)], stompBrokerRelay[null], inboundChannel[pool size = 0, active threads = 0, queued tasks = 0, completed tasks = 111], outboundChannel[pool size = 0, active threads = 0, queued tasks = 0, completed tasks = 92269], sockJsScheduler[pool size = 8, active threads = 1, queued tasks = 2, completed tasks = 342499]
2025-08-05T17:08:37.830+03:00  WARN 31799 --- [simsoft] [l-1:housekeeper] com.zaxxer.hikari.pool.HikariPool        : HikariPool-1 - Thread starvation or clock leap detected (housekeeper delta=1m6s112ms).
2025-08-05T17:40:19.254+03:00  WARN 31799 --- [simsoft] [l-1:housekeeper] com.zaxxer.hikari.pool.HikariPool        : HikariPool-1 - Thread starvation or clock leap detected (housekeeper delta=25m11s95ms).
2025-08-05T17:53:58.485+03:00  WARN 31799 --- [simsoft] [l-1:housekeeper] com.zaxxer.hikari.pool.HikariPool        : HikariPool-1 - Thread starvation or clock leap detected (housekeeper delta=5m39s161ms).
2025-08-05T18:03:01.701+03:00  WARN 31799 --- [simsoft] [l-1:housekeeper] com.zaxxer.hikari.pool.HikariPool        : HikariPool-1 - Thread starvation or clock leap detected (housekeeper delta=9m3s216ms).
2025-08-05T18:38:28.816+03:00  WARN 31799 --- [simsoft] [l-1:housekeeper] com.zaxxer.hikari.pool.HikariPool        : HikariPool-1 - Thread starvation or clock leap detected (housekeeper delta=35m27s115ms).
2025-08-05T18:39:55.350+03:00  WARN 31799 --- [simsoft] [l-1:housekeeper] com.zaxxer.hikari.pool.HikariPool        : HikariPool-1 - Thread starvation or clock leap detected (housekeeper delta=1m26s534ms).
2025-08-05T18:45:38.675+03:00  WARN 31799 --- [simsoft] [l-1:housekeeper] com.zaxxer.hikari.pool.HikariPool        : HikariPool-1 - Thread starvation or clock leap detected (housekeeper delta=5m43s325ms).
2025-08-05T18:48:34.108+03:00  WARN 31799 --- [simsoft] [l-1:housekeeper] com.zaxxer.hikari.pool.HikariPool        : HikariPool-1 - Thread starvation or clock leap detected (housekeeper delta=2m55s433ms).
2025-08-05T18:51:32.812+03:00  WARN 31799 --- [simsoft] [l-1:housekeeper] com.zaxxer.hikari.pool.HikariPool        : HikariPool-1 - Thread starvation or clock leap detected (housekeeper delta=2m58s704ms).
2025-08-05T18:54:42.387+03:00  WARN 31799 --- [simsoft] [l-1:housekeeper] com.zaxxer.hikari.pool.HikariPool        : HikariPool-1 - Thread starvation or clock leap detected (housekeeper delta=3m9s575ms).
2025-08-05T18:59:15.686+03:00  WARN 31799 --- [simsoft] [l-1:housekeeper] com.zaxxer.hikari.pool.HikariPool        : HikariPool-1 - Thread starvation or clock leap detected (housekeeper delta=4m33s299ms).
2025-08-05T19:02:56.016+03:00  WARN 31799 --- [simsoft] [l-1:housekeeper] com.zaxxer.hikari.pool.HikariPool        : HikariPool-1 - Thread starvation or clock leap detected (housekeeper delta=3m40s330ms).
2025-08-05T19:08:48.547+03:00  WARN 31799 --- [simsoft] [l-1:housekeeper] com.zaxxer.hikari.pool.HikariPool        : HikariPool-1 - Thread starvation or clock leap detected (housekeeper delta=5m52s531ms).
2025-08-05T19:10:17.372+03:00  WARN 31799 --- [simsoft] [l-1:housekeeper] com.zaxxer.hikari.pool.HikariPool        : HikariPool-1 - Thread starvation or clock leap detected (housekeeper delta=1m28s825ms).
2025-08-05T19:12:56.053+03:00  WARN 31799 --- [simsoft] [l-1:housekeeper] com.zaxxer.hikari.pool.HikariPool        : HikariPool-1 - Thread starvation or clock leap detected (housekeeper delta=2m38s681ms).
2025-08-05T19:14:30.395+03:00  WARN 31799 --- [simsoft] [l-1:housekeeper] com.zaxxer.hikari.pool.HikariPool        : HikariPool-1 - Thread starvation or clock leap detected (housekeeper delta=1m34s342ms).
2025-08-05T19:20:56.261+03:00  WARN 31799 --- [simsoft] [l-1:housekeeper] com.zaxxer.hikari.pool.HikariPool        : HikariPool-1 - Thread starvation or clock leap detected (housekeeper delta=6m25s866ms).
2025-08-05T19:22:22.622+03:00  INFO 31799 --- [simsoft] [MessageBroker-1] o.s.w.s.c.WebSocketMessageBrokerStats    : WebSocketSession[0 current WS(0)-HttpStream(0)-HttpPoll(0), 14 total, 6 closed abnormally (6 connect failure, 0 send limit, 1 transport error)], stompSubProtocol[processed CONNECT(6)-CONNECTED(6)-DISCONNECT(0)], stompBrokerRelay[null], inboundChannel[pool size = 0, active threads = 0, queued tasks = 0, completed tasks = 111], outboundChannel[pool size = 0, active threads = 0, queued tasks = 0, completed tasks = 92269], sockJsScheduler[pool size = 8, active threads = 1, queued tasks = 2, completed tasks = 455361]
2025-08-05T19:22:23.293+03:00  WARN 31799 --- [simsoft] [l-1:housekeeper] com.zaxxer.hikari.pool.HikariPool        : HikariPool-1 - Thread starvation or clock leap detected (housekeeper delta=1m27s32ms).
2025-08-05T19:26:25.948+03:00  WARN 31799 --- [simsoft] [l-1:housekeeper] com.zaxxer.hikari.pool.HikariPool        : HikariPool-1 - Thread starvation or clock leap detected (housekeeper delta=2m57s376ms).
2025-08-05T19:27:57.417+03:00  WARN 31799 --- [simsoft] [l-1:housekeeper] com.zaxxer.hikari.pool.HikariPool        : HikariPool-1 - Thread starvation or clock leap detected (housekeeper delta=1m31s468ms).
2025-08-05T20:45:42.940+03:00  WARN 31799 --- [simsoft] [l-1:housekeeper] com.zaxxer.hikari.pool.HikariPool        : HikariPool-1 - Thread starvation or clock leap detected (housekeeper delta=1h17m45s524ms).
2025-08-05T21:05:53.545+03:00  WARN 31799 --- [simsoft] [l-1:housekeeper] com.zaxxer.hikari.pool.HikariPool        : HikariPool-1 - Thread starvation or clock leap detected (housekeeper delta=20m10s605ms).
2025-08-05T21:11:50.532+03:00  WARN 31799 --- [simsoft] [l-1:housekeeper] com.zaxxer.hikari.pool.HikariPool        : HikariPool-1 - Thread starvation or clock leap detected (housekeeper delta=5m56s986ms).
2025-08-05T21:13:57.638+03:00  WARN 31799 --- [simsoft] [l-1:housekeeper] com.zaxxer.hikari.pool.HikariPool        : HikariPool-1 - Thread starvation or clock leap detected (housekeeper delta=2m7s107ms).
2025-08-05T21:16:04.333+03:00  WARN 31799 --- [simsoft] [l-1:housekeeper] com.zaxxer.hikari.pool.HikariPool        : HikariPool-1 - Thread starvation or clock leap detected (housekeeper delta=2m6s695ms).
2025-08-05T21:17:59.828+03:00  WARN 31799 --- [simsoft] [l-1:housekeeper] com.zaxxer.hikari.pool.HikariPool        : HikariPool-1 - Thread starvation or clock leap detected (housekeeper delta=1m55s495ms).
2025-08-05T21:32:48.975+03:00  WARN 31799 --- [simsoft] [l-1:housekeeper] com.zaxxer.hikari.pool.HikariPool        : HikariPool-1 - Thread starvation or clock leap detected (housekeeper delta=14m49s147ms).
2025-08-05T22:12:05.687+03:00  WARN 31799 --- [simsoft] [l-1:housekeeper] com.zaxxer.hikari.pool.HikariPool        : HikariPool-1 - Thread starvation or clock leap detected (housekeeper delta=39m16s712ms).
2025-08-05T22:18:06.400+03:00  WARN 31799 --- [simsoft] [l-1:housekeeper] com.zaxxer.hikari.pool.HikariPool        : HikariPool-1 - Thread starvation or clock leap detected (housekeeper delta=6m713ms).
2025-08-05T22:18:33.815+03:00  INFO 31799 --- [simsoft] [   File Watcher] rtingClassPathChangeChangedEventListener : Restarting due to 10 class path changes (0 additions, 0 deletions, 10 modifications)
2025-08-05T22:18:33.822+03:00  INFO 31799 --- [simsoft] [       Thread-1] o.s.b.w.e.tomcat.GracefulShutdown        : Commencing graceful shutdown. Waiting for active requests to complete
2025-08-05T22:18:33.833+03:00  INFO 31799 --- [simsoft] [tomcat-shutdown] o.s.b.w.e.tomcat.GracefulShutdown        : Graceful shutdown complete
2025-08-05T22:18:33.837+03:00  INFO 31799 --- [simsoft] [       Thread-1] o.s.m.s.b.SimpleBrokerMessageHandler     : Stopping...
2025-08-05T22:18:33.838+03:00  INFO 31799 --- [simsoft] [       Thread-1] o.s.m.s.b.SimpleBrokerMessageHandler     : BrokerAvailabilityEvent[available=false, SimpleBrokerMessageHandler [org.springframework.messaging.simp.broker.DefaultSubscriptionRegistry@bc86dfb]]
2025-08-05T22:18:33.838+03:00  INFO 31799 --- [simsoft] [       Thread-1] o.s.m.s.b.SimpleBrokerMessageHandler     : Stopped.
2025-08-05T22:18:33.841+03:00  INFO 31799 --- [simsoft] [       Thread-1] j.LocalContainerEntityManagerFactoryBean : Closing JPA EntityManagerFactory for persistence unit 'default'
2025-08-05T22:18:33.853+03:00  WARN 31799 --- [simsoft] [       Thread-1] o.s.b.f.support.DisposableBeanAdapter    : Invocation of destroy method failed on bean with name 'inMemoryDatabaseShutdownExecutor': org.h2.jdbc.JdbcSQLNonTransientConnectionException: Database is already closed (to disable automatic closing at VM shutdown, add ";DB_CLOSE_ON_EXIT=FALSE" to the db URL) [90121-232]
2025-08-05T22:18:33.854+03:00  INFO 31799 --- [simsoft] [       Thread-1] com.zaxxer.hikari.HikariDataSource       : HikariPool-1 - Shutdown initiated...
2025-08-05T22:18:33.856+03:00  INFO 31799 --- [simsoft] [       Thread-1] com.zaxxer.hikari.HikariDataSource       : HikariPool-1 - Shutdown completed.

  .   ____          _            __ _ _
 /\\ / ___'_ __ _ _(_)_ __  __ _ \ \ \ \
( ( )\___ | '_ | '_| | '_ \/ _` | \ \ \ \
 \\/  ___)| |_)| | | | | || (_| |  ) ) ) )
  '  |____| .__|_| |_|_| |_\__, | / / / /
 =========|_|==============|___/=/_/_/_/

 :: Spring Boot ::                (v3.5.4)

2025-08-05T22:18:33.923+03:00  INFO 31799 --- [simsoft] [  restartedMain] com.nazli.simsoft.SimsoftApplication     : Starting SimsoftApplication using Java 23.0.1 with PID 31799 (/Users/irmak/Desktop/simsoft/target/classes started by irmak in /Users/irmak/Desktop/simsoft)
2025-08-05T22:18:33.923+03:00  INFO 31799 --- [simsoft] [  restartedMain] com.nazli.simsoft.SimsoftApplication     : No active profile set, falling back to 1 default profile: "default"
2025-08-05T22:18:34.036+03:00  INFO 31799 --- [simsoft] [  restartedMain] .s.d.r.c.RepositoryConfigurationDelegate : Bootstrapping Spring Data JPA repositories in DEFAULT mode.
2025-08-05T22:18:34.040+03:00  INFO 31799 --- [simsoft] [  restartedMain] .s.d.r.c.RepositoryConfigurationDelegate : Finished Spring Data repository scanning in 3 ms. Found 0 JPA repository interfaces.
2025-08-05T22:18:34.104+03:00  INFO 31799 --- [simsoft] [  restartedMain] o.s.b.w.embedded.tomcat.TomcatWebServer  : Tomcat initialized with port 8080 (http)
2025-08-05T22:18:34.106+03:00  INFO 31799 --- [simsoft] [  restartedMain] o.apache.catalina.core.StandardService   : Starting service [Tomcat]
2025-08-05T22:18:34.106+03:00  INFO 31799 --- [simsoft] [  restartedMain] o.apache.catalina.core.StandardEngine    : Starting Servlet engine: [Apache Tomcat/10.1.43]
2025-08-05T22:18:34.111+03:00  INFO 31799 --- [simsoft] [  restartedMain] o.a.c.c.C.[Tomcat].[localhost].[/]       : Initializing Spring embedded WebApplicationContext
2025-08-05T22:18:34.111+03:00  INFO 31799 --- [simsoft] [  restartedMain] w.s.c.ServletWebServerApplicationContext : Root WebApplicationContext: initialization completed in 185 ms
2025-08-05T22:18:34.143+03:00  INFO 31799 --- [simsoft] [  restartedMain] com.zaxxer.hikari.HikariDataSource       : HikariPool-2 - Starting...
2025-08-05T22:18:34.144+03:00  INFO 31799 --- [simsoft] [  restartedMain] com.zaxxer.hikari.pool.HikariPool        : HikariPool-2 - Added connection conn53: url=jdbc:h2:mem:f7848e0f-f81c-4300-9cbf-0b4f5cb4086c user=SA
2025-08-05T22:18:34.144+03:00  INFO 31799 --- [simsoft] [  restartedMain] com.zaxxer.hikari.HikariDataSource       : HikariPool-2 - Start completed.
2025-08-05T22:18:34.145+03:00  INFO 31799 --- [simsoft] [  restartedMain] o.hibernate.jpa.internal.util.LogHelper  : HHH000204: Processing PersistenceUnitInfo [name: default]
2025-08-05T22:18:34.146+03:00  INFO 31799 --- [simsoft] [  restartedMain] o.h.c.internal.RegionFactoryInitiator    : HHH000026: Second-level cache disabled
2025-08-05T22:18:34.152+03:00  INFO 31799 --- [simsoft] [  restartedMain] o.s.o.j.p.SpringPersistenceUnitInfo      : No LoadTimeWeaver setup: ignoring JPA class transformer
2025-08-05T22:18:34.153+03:00  INFO 31799 --- [simsoft] [  restartedMain] org.hibernate.orm.connections.pooling    : HHH10001005: Database info:
	Database JDBC URL [Connecting through datasource 'HikariDataSource (HikariPool-2)']
	Database driver: undefined/unknown
	Database version: 2.3.232
	Autocommit mode: undefined/unknown
	Isolation level: undefined/unknown
	Minimum pool size: undefined/unknown
	Maximum pool size: undefined/unknown
2025-08-05T22:18:34.161+03:00  INFO 31799 --- [simsoft] [  restartedMain] o.h.e.t.j.p.i.JtaPlatformInitiator       : HHH000489: No JTA platform available (set 'hibernate.transaction.jta.platform' to enable JTA platform integration)
2025-08-05T22:18:34.161+03:00  INFO 31799 --- [simsoft] [  restartedMain] j.LocalContainerEntityManagerFactoryBean : Initialized JPA EntityManagerFactory for persistence unit 'default'
2025-08-05T22:18:34.210+03:00  WARN 31799 --- [simsoft] [  restartedMain] JpaBaseConfiguration$JpaWebConfiguration : spring.jpa.open-in-view is enabled by default. Therefore, database queries may be performed during view rendering. Explicitly configure spring.jpa.open-in-view to disable this warning
2025-08-05T22:18:34.225+03:00  INFO 31799 --- [simsoft] [  restartedMain] o.s.b.a.w.s.WelcomePageHandlerMapping    : Adding welcome page: class path resource [static/index.html]
2025-08-05T22:18:34.279+03:00  INFO 31799 --- [simsoft] [  restartedMain] o.s.b.a.h2.H2ConsoleAutoConfiguration    : H2 console available at '/h2-console'. Database available at 'jdbc:h2:mem:f7848e0f-f81c-4300-9cbf-0b4f5cb4086c'
2025-08-05T22:18:34.288+03:00  INFO 31799 --- [simsoft] [  restartedMain] o.s.b.d.a.OptionalLiveReloadServer       : LiveReload server is running on port 35729
2025-08-05T22:18:34.292+03:00  INFO 31799 --- [simsoft] [  restartedMain] o.s.m.s.b.SimpleBrokerMessageHandler     : Starting...
2025-08-05T22:18:34.292+03:00  INFO 31799 --- [simsoft] [  restartedMain] o.s.m.s.b.SimpleBrokerMessageHandler     : BrokerAvailabilityEvent[available=true, SimpleBrokerMessageHandler [org.springframework.messaging.simp.broker.DefaultSubscriptionRegistry@6361ca9b]]
2025-08-05T22:18:34.292+03:00  INFO 31799 --- [simsoft] [  restartedMain] o.s.m.s.b.SimpleBrokerMessageHandler     : Started.
2025-08-05T22:18:34.295+03:00  INFO 31799 --- [simsoft] [  restartedMain] o.s.b.w.embedded.tomcat.TomcatWebServer  : Tomcat started on port 8080 (http) with context path '/'
2025-08-05T22:18:34.298+03:00  INFO 31799 --- [simsoft] [  restartedMain] com.nazli.simsoft.SimsoftApplication     : Started SimsoftApplication in 0.4 seconds (process running for 7680.28)
2025-08-05T22:18:34.299+03:00  INFO 31799 --- [simsoft] [  restartedMain] .ConditionEvaluationDeltaLoggingListener : Condition evaluation unchanged
2025-08-05T22:19:34.294+03:00  INFO 31799 --- [simsoft] [MessageBroker-4] o.s.w.s.c.WebSocketMessageBrokerStats    : WebSocketSession[0 current WS(0)-HttpStream(0)-HttpPoll(0), 0 total, 0 closed abnormally (0 connect failure, 0 send limit, 0 transport error)], stompSubProtocol[processed CONNECT(0)-CONNECTED(0)-DISCONNECT(0)], stompBrokerRelay[null], inboundChannel[pool size = 0, active threads = 0, queued tasks = 0, completed tasks = 0], outboundChannel[pool size = 0, active threads = 0, queued tasks = 0, completed tasks = 0], sockJsScheduler[pool size = 8, active threads = 1, queued tasks = 1, completed tasks = 3750]
2025-08-05T22:19:48.865+03:00  INFO 31799 --- [simsoft] [nio-8080-exec-3] o.a.c.c.C.[Tomcat].[localhost].[/]       : Initializing Spring DispatcherServlet 'dispatcherServlet'
2025-08-05T22:19:48.866+03:00  INFO 31799 --- [simsoft] [nio-8080-exec-3] o.s.web.servlet.DispatcherServlet        : Initializing Servlet 'dispatcherServlet'
2025-08-05T22:19:48.874+03:00  INFO 31799 --- [simsoft] [nio-8080-exec-3] o.s.web.servlet.DispatcherServlet        : Completed initialization in 7 ms
2025-08-05T22:26:14.762+03:00  INFO 31799 --- [simsoft] [nio-8080-exec-8] o.s.w.s.m.SubProtocolWebSocketHandler    : No messages received after 385883 ms. Closing XhrStreamingSockJsSession[id=kvjofnov].
2025-08-05T22:26:14.763+03:00  INFO 31799 --- [simsoft] [nio-8080-exec-8] o.s.w.s.m.SubProtocolWebSocketHandler    : No messages received after 385883 ms. Closing XhrStreamingSockJsSession[id=tefxjfsd].
2025-08-05T22:26:14.763+03:00  INFO 31799 --- [simsoft] [nio-8080-exec-8] o.s.w.s.m.SubProtocolWebSocketHandler    : No messages received after 385883 ms. Closing XhrStreamingSockJsSession[id=dieo5sxt].
2025-08-05T22:41:57.955+03:00  INFO 31799 --- [simsoft] [nio-8080-exec-3] o.s.w.s.m.SubProtocolWebSocketHandler    : No messages received after 63068 ms. Closing XhrStreamingSockJsSession[id=wgfniuri].
2025-08-05T22:41:57.957+03:00  INFO 31799 --- [simsoft] [nio-8080-exec-3] o.s.w.s.m.SubProtocolWebSocketHandler    : No messages received after 63068 ms. Closing XhrStreamingSockJsSession[id=rtpafqaj].
2025-08-05T22:41:57.957+03:00  INFO 31799 --- [simsoft] [nio-8080-exec-3] o.s.w.s.m.SubProtocolWebSocketHandler    : No messages received after 63068 ms. Closing XhrStreamingSockJsSession[id=dtdw5dv1].
2025-08-05T22:42:58.881+03:00  INFO 31799 --- [simsoft] [nio-8080-exec-2] o.s.w.s.m.SubProtocolWebSocketHandler    : No messages received after 113999 ms. Closing XhrStreamingSockJsSession[id=hd55aymj].
2025-08-05T22:42:58.882+03:00  INFO 31799 --- [simsoft] [nio-8080-exec-2] o.s.w.s.m.SubProtocolWebSocketHandler    : No messages received after 94000 ms. Closing XhrStreamingSockJsSession[id=xquz2y3o].
2025-08-05T22:42:58.883+03:00  INFO 31799 --- [simsoft] [nio-8080-exec-2] o.s.w.s.m.SubProtocolWebSocketHandler    : No messages received after 114002 ms. Closing XhrStreamingSockJsSession[id=qzqkgy4e].
2025-08-05T22:42:58.883+03:00  INFO 31799 --- [simsoft] [nio-8080-exec-2] o.s.w.s.m.SubProtocolWebSocketHandler    : No messages received after 114001 ms. Closing XhrStreamingSockJsSession[id=bzo3i2iw].
2025-08-05T22:42:58.883+03:00  INFO 31799 --- [simsoft] [nio-8080-exec-2] o.s.w.s.m.SubProtocolWebSocketHandler    : No messages received after 94012 ms. Closing XhrStreamingSockJsSession[id=3fr5ks3f].
2025-08-05T22:42:58.883+03:00  INFO 31799 --- [simsoft] [nio-8080-exec-2] o.s.w.s.m.SubProtocolWebSocketHandler    : No messages received after 77007 ms. Closing XhrStreamingSockJsSession[id=3hh5klar].
2025-08-05T22:42:58.883+03:00  INFO 31799 --- [simsoft] [nio-8080-exec-2] o.s.w.s.m.SubProtocolWebSocketHandler    : No messages received after 84008 ms. Closing XhrStreamingSockJsSession[id=w4up34yw].
2025-08-05T22:42:58.883+03:00  INFO 31799 --- [simsoft] [nio-8080-exec-2] o.s.w.s.m.SubProtocolWebSocketHandler    : No messages received after 94012 ms. Closing XhrStreamingSockJsSession[id=h2du2ouk].
2025-08-05T22:43:32.942+03:00  INFO 31799 --- [simsoft] [nio-8080-exec-4] o.s.w.s.m.SubProtocolWebSocketHandler    : No messages received after 81071 ms. Closing XhrStreamingSockJsSession[id=ab13sijb].
2025-08-05T22:44:09.874+03:00  INFO 31799 --- [simsoft] [nio-8080-exec-8] o.s.w.s.m.SubProtocolWebSocketHandler    : No messages received after 66912 ms. Closing XhrStreamingSockJsSession[id=qo23fn0q].
2025-08-05T22:44:09.877+03:00  INFO 31799 --- [simsoft] [nio-8080-exec-8] o.s.w.s.m.SubProtocolWebSocketHandler    : No messages received after 66912 ms. Closing XhrStreamingSockJsSession[id=kbhf0i2e].
2025-08-05T22:44:09.878+03:00  INFO 31799 --- [simsoft] [nio-8080-exec-8] o.s.w.s.m.SubProtocolWebSocketHandler    : No messages received after 70991 ms. Closing XhrStreamingSockJsSession[id=dt5owft3].
2025-08-05T22:44:53.869+03:00  INFO 31799 --- [simsoft] [nio-8080-exec-7] o.s.w.s.m.SubProtocolWebSocketHandler    : No messages received after 60989 ms. Closing XhrStreamingSockJsSession[id=xos115zf].
2025-08-05T22:44:53.871+03:00  INFO 31799 --- [simsoft] [nio-8080-exec-7] o.s.w.s.m.SubProtocolWebSocketHandler    : No messages received after 63990 ms. Closing XhrStreamingSockJsSession[id=vxtvtxd4].
2025-08-05T22:44:53.871+03:00  INFO 31799 --- [simsoft] [nio-8080-exec-7] o.s.w.s.m.SubProtocolWebSocketHandler    : No messages received after 62983 ms. Closing XhrStreamingSockJsSession[id=jmh0opgn].
2025-08-05T22:44:53.871+03:00  INFO 31799 --- [simsoft] [nio-8080-exec-7] o.s.w.s.m.SubProtocolWebSocketHandler    : No messages received after 76512 ms. Closing XhrStreamingSockJsSession[id=n4vsgmjt].
2025-08-05T22:44:53.871+03:00  INFO 31799 --- [simsoft] [nio-8080-exec-7] o.s.w.s.m.SubProtocolWebSocketHandler    : No messages received after 60989 ms. Closing XhrStreamingSockJsSession[id=a3q55etg].
2025-08-05T22:44:53.872+03:00  INFO 31799 --- [simsoft] [nio-8080-exec-7] o.s.w.s.m.SubProtocolWebSocketHandler    : No messages received after 63990 ms. Closing XhrStreamingSockJsSession[id=2oqkh0rg].
2025-08-05T22:44:53.872+03:00  INFO 31799 --- [simsoft] [nio-8080-exec-7] o.s.w.s.m.SubProtocolWebSocketHandler    : No messages received after 62973 ms. Closing XhrStreamingSockJsSession[id=mixddjum].
2025-08-05T22:44:53.873+03:00  INFO 31799 --- [simsoft] [nio-8080-exec-7] o.s.w.s.m.SubProtocolWebSocketHandler    : No messages received after 63990 ms. Closing XhrStreamingSockJsSession[id=jfhahtws].
2025-08-05T22:44:53.874+03:00  INFO 31799 --- [simsoft] [nio-8080-exec-7] o.s.w.s.m.SubProtocolWebSocketHandler    : No messages received after 62988 ms. Closing XhrStreamingSockJsSession[id=dr3dp1jg].
2025-08-05T22:44:53.874+03:00  INFO 31799 --- [simsoft] [nio-8080-exec-7] o.s.w.s.m.SubProtocolWebSocketHandler    : No messages received after 76512 ms. Closing XhrStreamingSockJsSession[id=qad2aa51].
2025-08-05T22:44:53.874+03:00  INFO 31799 --- [simsoft] [nio-8080-exec-7] o.s.w.s.m.SubProtocolWebSocketHandler    : No messages received after 76512 ms. Closing XhrStreamingSockJsSession[id=ci1pxht1].
2025-08-05T22:44:53.874+03:00  INFO 31799 --- [simsoft] [nio-8080-exec-7] o.s.w.s.m.SubProtocolWebSocketHandler    : No messages received after 60989 ms. Closing XhrStreamingSockJsSession[id=xerp4ajl].
2025-08-05T22:45:37.987+03:00  INFO 31799 --- [simsoft] [nio-8080-exec-8] o.s.w.s.m.SubProtocolWebSocketHandler    : No messages received after 101118 ms. Closing XhrStreamingSockJsSession[id=ccxg3lzt].
2025-08-05T22:45:37.990+03:00  INFO 31799 --- [simsoft] [nio-8080-exec-8] o.s.w.s.m.SubProtocolWebSocketHandler    : No messages received after 104100 ms. Closing XhrStreamingSockJsSession[id=0shlb3us].
2025-08-05T22:45:37.991+03:00  INFO 31799 --- [simsoft] [nio-8080-exec-8] o.s.w.s.m.SubProtocolWebSocketHandler    : No messages received after 88107 ms. Closing XhrStreamingSockJsSession[id=vxji5fq1].
2025-08-05T22:45:37.991+03:00  INFO 31799 --- [simsoft] [nio-8080-exec-8] o.s.w.s.m.SubProtocolWebSocketHandler    : No messages received after 72117 ms. Closing XhrStreamingSockJsSession[id=endcorbv].
2025-08-05T22:45:37.991+03:00  INFO 31799 --- [simsoft] [nio-8080-exec-8] o.s.w.s.m.SubProtocolWebSocketHandler    : No messages received after 73116 ms. Closing XhrStreamingSockJsSession[id=nv20bljn].
2025-08-05T22:45:37.991+03:00  INFO 31799 --- [simsoft] [nio-8080-exec-8] o.s.w.s.m.SubProtocolWebSocketHandler    : No messages received after 102114 ms. Closing XhrStreamingSockJsSession[id=syuftdhg].
2025-08-05T22:45:37.991+03:00  INFO 31799 --- [simsoft] [nio-8080-exec-8] o.s.w.s.m.SubProtocolWebSocketHandler    : No messages received after 88111 ms. Closing XhrStreamingSockJsSession[id=32lbvacj].
2025-08-05T22:45:37.991+03:00  INFO 31799 --- [simsoft] [nio-8080-exec-8] o.s.w.s.m.SubProtocolWebSocketHandler    : No messages received after 104099 ms. Closing XhrStreamingSockJsSession[id=hvo3j31t].
2025-08-05T22:45:37.991+03:00  INFO 31799 --- [simsoft] [nio-8080-exec-8] o.s.w.s.m.SubProtocolWebSocketHandler    : No messages received after 72117 ms. Closing XhrStreamingSockJsSession[id=xfsotv0i].
2025-08-05T22:45:37.991+03:00  INFO 31799 --- [simsoft] [nio-8080-exec-8] o.s.w.s.m.SubProtocolWebSocketHandler    : No messages received after 71100 ms. Closing XhrStreamingSockJsSession[id=fp3mesqt].
2025-08-05T22:45:37.991+03:00  INFO 31799 --- [simsoft] [nio-8080-exec-8] o.s.w.s.m.SubProtocolWebSocketHandler    : No messages received after 102114 ms. Closing XhrStreamingSockJsSession[id=243czxgc].
2025-08-05T22:45:37.992+03:00  INFO 31799 --- [simsoft] [nio-8080-exec-8] o.s.w.s.m.SubProtocolWebSocketHandler    : No messages received after 102114 ms. Closing XhrStreamingSockJsSession[id=1yuz03bg].
2025-08-05T22:45:37.992+03:00  INFO 31799 --- [simsoft] [nio-8080-exec-8] o.s.w.s.m.SubProtocolWebSocketHandler    : No messages received after 88111 ms. Closing XhrStreamingSockJsSession[id=bzzu0vn0].
2025-08-05T22:45:37.992+03:00  INFO 31799 --- [simsoft] [nio-8080-exec-8] o.s.w.s.m.SubProtocolWebSocketHandler    : No messages received after 104100 ms. Closing XhrStreamingSockJsSession[id=1pvyketi].
2025-08-05T22:45:37.992+03:00  INFO 31799 --- [simsoft] [nio-8080-exec-8] o.s.w.s.m.SubProtocolWebSocketHandler    : No messages received after 73116 ms. Closing XhrStreamingSockJsSession[id=l2a5qvbc].
2025-08-05T22:46:14.885+03:00  INFO 31799 --- [simsoft] [nio-8080-exec-1] o.s.w.s.m.SubProtocolWebSocketHandler    : No messages received after 78016 ms. Closing XhrStreamingSockJsSession[id=1ewfwfam].
2025-08-05T22:46:14.887+03:00  INFO 31799 --- [simsoft] [nio-8080-exec-1] o.s.w.s.m.SubProtocolWebSocketHandler    : No messages received after 78016 ms. Closing XhrStreamingSockJsSession[id=llpz3bdg].
2025-08-05T22:46:14.887+03:00  INFO 31799 --- [simsoft] [nio-8080-exec-1] o.s.w.s.m.SubProtocolWebSocketHandler    : No messages received after 80018 ms. Closing XhrStreamingSockJsSession[id=djjj0tlh].
2025-08-05T22:46:14.888+03:00  INFO 31799 --- [simsoft] [nio-8080-exec-1] o.s.w.s.m.SubProtocolWebSocketHandler    : No messages received after 77015 ms. Closing XhrStreamingSockJsSession[id=141ztils].
2025-08-05T22:46:14.888+03:00  INFO 31799 --- [simsoft] [nio-8080-exec-1] o.s.w.s.m.SubProtocolWebSocketHandler    : No messages received after 79018 ms. Closing XhrStreamingSockJsSession[id=zfwbassu].
2025-08-05T22:46:14.888+03:00  INFO 31799 --- [simsoft] [nio-8080-exec-1] o.s.w.s.m.SubProtocolWebSocketHandler    : No messages received after 81010 ms. Closing XhrStreamingSockJsSession[id=kjbe0idq].
2025-08-05T22:46:53.056+03:00  INFO 31799 --- [simsoft] [nio-8080-exec-2] o.s.w.s.m.SubProtocolWebSocketHandler    : No messages received after 75060 ms. Closing XhrStreamingSockJsSession[id=sw4hkmf0].
2025-08-05T22:46:53.058+03:00  INFO 31799 --- [simsoft] [nio-8080-exec-2] o.s.w.s.m.SubProtocolWebSocketHandler    : No messages received after 75067 ms. Closing XhrStreamingSockJsSession[id=tuxu2wp4].
2025-08-05T22:47:28.036+03:00  INFO 31799 --- [simsoft] [nio-8080-exec-6] o.s.w.s.m.SubProtocolWebSocketHandler    : No messages received after 60002 ms. Closing XhrStreamingSockJsSession[id=ldctr2ma].
2025-08-05T22:47:28.038+03:00  INFO 31799 --- [simsoft] [nio-8080-exec-6] o.s.w.s.m.SubProtocolWebSocketHandler    : No messages received after 70168 ms. Closing XhrStreamingSockJsSession[id=p5x0treb].
2025-08-05T22:47:28.040+03:00  INFO 31799 --- [simsoft] [nio-8080-exec-6] o.s.w.s.m.SubProtocolWebSocketHandler    : No messages received after 89165 ms. Closing XhrStreamingSockJsSession[id=tx5mgwp0].
2025-08-05T22:47:28.042+03:00  INFO 31799 --- [simsoft] [nio-8080-exec-6] o.s.w.s.m.SubProtocolWebSocketHandler    : No messages received after 89165 ms. Closing XhrStreamingSockJsSession[id=2ctjruiz].
2025-08-05T22:47:28.042+03:00  INFO 31799 --- [simsoft] [nio-8080-exec-6] o.s.w.s.m.SubProtocolWebSocketHandler    : No messages received after 67166 ms. Closing XhrStreamingSockJsSession[id=bd22cmht].
2025-08-05T22:47:28.042+03:00  INFO 31799 --- [simsoft] [nio-8080-exec-6] o.s.w.s.m.SubProtocolWebSocketHandler    : No messages received after 73148 ms. Closing XhrStreamingSockJsSession[id=ijsdvc4c].
2025-08-05T22:48:59.930+03:00  INFO 31799 --- [simsoft] [nio-8080-exec-6] o.s.w.s.m.SubProtocolWebSocketHandler    : No messages received after 143032 ms. Closing XhrStreamingSockJsSession[id=0rs0wdgy].
2025-08-05T22:48:59.931+03:00  INFO 31799 --- [simsoft] [nio-8080-exec-6] o.s.w.s.m.SubProtocolWebSocketHandler    : No messages received after 72800 ms. Closing XhrStreamingSockJsSession[id=3dc2lqqt].
2025-08-05T22:48:59.931+03:00  INFO 31799 --- [simsoft] [nio-8080-exec-6] o.s.w.s.m.SubProtocolWebSocketHandler    : No messages received after 111557 ms. Closing XhrStreamingSockJsSession[id=3sw3vscb].
2025-08-05T22:48:59.931+03:00  INFO 31799 --- [simsoft] [nio-8080-exec-6] o.s.w.s.m.SubProtocolWebSocketHandler    : No messages received after 108944 ms. Closing XhrStreamingSockJsSession[id=3cc4wzhr].
2025-08-05T22:48:59.931+03:00  INFO 31799 --- [simsoft] [nio-8080-exec-6] o.s.w.s.m.SubProtocolWebSocketHandler    : No messages received after 111557 ms. Closing XhrStreamingSockJsSession[id=jgqrpou4].
2025-08-05T22:48:59.931+03:00  INFO 31799 --- [simsoft] [nio-8080-exec-6] o.s.w.s.m.SubProtocolWebSocketHandler    : No messages received after 111557 ms. Closing XhrStreamingSockJsSession[id=pt3k0irh].
2025-08-05T22:48:59.931+03:00  INFO 31799 --- [simsoft] [nio-8080-exec-6] o.s.w.s.m.SubProtocolWebSocketHandler    : No messages received after 146063 ms. Closing XhrStreamingSockJsSession[id=e20pdjwh].
2025-08-05T22:48:59.931+03:00  INFO 31799 --- [simsoft] [nio-8080-exec-6] o.s.w.s.m.SubProtocolWebSocketHandler    : No messages received after 91893 ms. Closing XhrStreamingSockJsSession[id=ytk3bp4d].
2025-08-05T22:48:59.931+03:00  INFO 31799 --- [simsoft] [nio-8080-exec-6] o.s.w.s.m.SubProtocolWebSocketHandler    : No messages received after 141687 ms. Closing XhrStreamingSockJsSession[id=sxn2obai].
2025-08-05T22:48:59.931+03:00  INFO 31799 --- [simsoft] [nio-8080-exec-6] o.s.w.s.m.SubProtocolWebSocketHandler    : No messages received after 140054 ms. Closing XhrStreamingSockJsSession[id=lz5yd55x].
2025-08-05T22:48:59.931+03:00  INFO 31799 --- [simsoft] [nio-8080-exec-6] o.s.w.s.m.SubProtocolWebSocketHandler    : No messages received after 72739 ms. Closing XhrStreamingSockJsSession[id=2awksak5].
2025-08-05T22:48:59.931+03:00  INFO 31799 --- [simsoft] [nio-8080-exec-6] o.s.w.s.m.SubProtocolWebSocketHandler    : No messages received after 145064 ms. Closing XhrStreamingSockJsSession[id=zc2fmto1].
2025-08-05T22:48:59.931+03:00  INFO 31799 --- [simsoft] [nio-8080-exec-6] o.s.w.s.m.SubProtocolWebSocketHandler    : No messages received after 140054 ms. Closing XhrStreamingSockJsSession[id=t1axum33].
2025-08-05T22:48:59.931+03:00  INFO 31799 --- [simsoft] [nio-8080-exec-6] o.s.w.s.m.SubProtocolWebSocketHandler    : No messages received after 140054 ms. Closing XhrStreamingSockJsSession[id=qo3rixpn].
2025-08-05T22:48:59.931+03:00  INFO 31799 --- [simsoft] [nio-8080-exec-6] o.s.w.s.m.SubProtocolWebSocketHandler    : No messages received after 72739 ms. Closing XhrStreamingSockJsSession[id=5qtyzkzw].
2025-08-05T22:48:59.931+03:00  INFO 31799 --- [simsoft] [nio-8080-exec-6] o.s.w.s.m.SubProtocolWebSocketHandler    : No messages received after 142064 ms. Closing XhrStreamingSockJsSession[id=aj43mm40].
2025-08-05T22:48:59.931+03:00  INFO 31799 --- [simsoft] [nio-8080-exec-6] o.s.w.s.m.SubProtocolWebSocketHandler    : No messages received after 108944 ms. Closing XhrStreamingSockJsSession[id=1a2wjmiq].
2025-08-05T22:48:59.932+03:00  INFO 31799 --- [simsoft] [nio-8080-exec-6] o.s.w.s.m.SubProtocolWebSocketHandler    : No messages received after 141687 ms. Closing XhrStreamingSockJsSession[id=qopyzmnd].
2025-08-05T22:48:59.933+03:00  INFO 31799 --- [simsoft] [nio-8080-exec-6] o.s.w.s.m.SubProtocolWebSocketHandler    : No messages received after 141686 ms. Closing XhrStreamingSockJsSession[id=l5n2ufup].
2025-08-05T22:48:59.933+03:00  INFO 31799 --- [simsoft] [nio-8080-exec-6] o.s.w.s.m.SubProtocolWebSocketHandler    : No messages received after 69035 ms. Closing XhrStreamingSockJsSession[id=qnefgm0c].
2025-08-05T22:48:59.933+03:00  INFO 31799 --- [simsoft] [nio-8080-exec-6] o.s.w.s.m.SubProtocolWebSocketHandler    : No messages received after 69105 ms. Closing XhrStreamingSockJsSession[id=jpfuft2c].
2025-08-05T22:48:59.934+03:00  INFO 31799 --- [simsoft] [nio-8080-exec-6] o.s.w.s.m.SubProtocolWebSocketHandler    : No messages received after 91887 ms. Closing XhrStreamingSockJsSession[id=bfhca0lo].
2025-08-05T22:48:59.934+03:00  INFO 31799 --- [simsoft] [nio-8080-exec-6] o.s.w.s.m.SubProtocolWebSocketHandler    : No messages received after 91887 ms. Closing XhrStreamingSockJsSession[id=ptqo200u].
2025-08-05T22:48:59.934+03:00  INFO 31799 --- [simsoft] [nio-8080-exec-6] o.s.w.s.m.SubProtocolWebSocketHandler    : No messages received after 69098 ms. Closing XhrStreamingSockJsSession[id=sojiv3yd].
2025-08-05T22:48:59.934+03:00  INFO 31799 --- [simsoft] [nio-8080-exec-6] o.s.w.s.m.SubProtocolWebSocketHandler    : No messages received after 108946 ms. Closing XhrStreamingSockJsSession[id=qiij5kfj].
2025-08-05T22:49:38.324+03:00  INFO 31799 --- [simsoft] [MessageBroker-4] o.s.w.s.c.WebSocketMessageBrokerStats    : WebSocketSession[12 current WS(6)-HttpStream(0)-HttpPoll(6), 169 total, 84 closed abnormally (84 connect failure, 0 send limit, 0 transport error)], stompSubProtocol[processed CONNECT(59)-CONNECTED(59)-DISCONNECT(0)], stompBrokerRelay[null], inboundChannel[pool size = 16, active threads = 0, queued tasks = 0, completed tasks = 717], outboundChannel[pool size = 16, active threads = 0, queued tasks = 0, completed tasks = 72531], sockJsScheduler[pool size = 8, active threads = 1, queued tasks = 13, completed tasks = 117084]
